{"C:\\Event-Locator-App---Backend\\src\\middleware\\authMiddleware.js": {"path":"C:\\Event-Locator-App---Backend\\src\\middleware\\authMiddleware.js","statementMap":{"0":{"start":{"line":6,"column":12},"end":{"line":6,"column":35}},"1":{"start":{"line":7,"column":15},"end":{"line":7,"column":42}},"2":{"start":{"line":13,"column":2},"end":{"line":42,"column":3}},"3":{"start":{"line":14,"column":23},"end":{"line":14,"column":48}},"4":{"start":{"line":15,"column":18},"end":{"line":15,"column":56}},"5":{"start":{"line":17,"column":4},"end":{"line":22,"column":5}},"6":{"start":{"line":18,"column":6},"end":{"line":21,"column":9}},"7":{"start":{"line":24,"column":4},"end":{"line":35,"column":7}},"8":{"start":{"line":25,"column":6},"end":{"line":31,"column":7}},"9":{"start":{"line":26,"column":8},"end":{"line":26,"column":64}},"10":{"start":{"line":27,"column":8},"end":{"line":30,"column":11}},"11":{"start":{"line":32,"column":6},"end":{"line":32,"column":34}},"12":{"start":{"line":33,"column":6},"end":{"line":33,"column":25}},"13":{"start":{"line":34,"column":6},"end":{"line":34,"column":13}},"14":{"start":{"line":37,"column":4},"end":{"line":37,"column":57}},"15":{"start":{"line":38,"column":4},"end":{"line":41,"column":7}},"16":{"start":{"line":45,"column":0},"end":{"line":45,"column":39}}},"fnMap":{"0":{"name":"authenticateToken","decl":{"start":{"line":12,"column":9},"end":{"line":12,"column":26}},"loc":{"start":{"line":12,"column":43},"end":{"line":43,"column":1}},"line":12},"1":{"name":"(anonymous_1)","decl":{"start":{"line":24,"column":46},"end":{"line":24,"column":47}},"loc":{"start":{"line":24,"column":64},"end":{"line":35,"column":5}},"line":24}},"branchMap":{"0":{"loc":{"start":{"line":15,"column":18},"end":{"line":15,"column":56}},"type":"binary-expr","locations":[{"start":{"line":15,"column":18},"end":{"line":15,"column":28}},{"start":{"line":15,"column":32},"end":{"line":15,"column":56}}],"line":15},"1":{"loc":{"start":{"line":17,"column":4},"end":{"line":22,"column":5}},"type":"if","locations":[{"start":{"line":17,"column":4},"end":{"line":22,"column":5}},{"start":{},"end":{}}],"line":17},"2":{"loc":{"start":{"line":20,"column":17},"end":{"line":20,"column":68}},"type":"cond-expr","locations":[{"start":{"line":20,"column":25},"end":{"line":20,"column":51}},{"start":{"line":20,"column":54},"end":{"line":20,"column":68}}],"line":20},"3":{"loc":{"start":{"line":25,"column":6},"end":{"line":31,"column":7}},"type":"if","locations":[{"start":{"line":25,"column":6},"end":{"line":31,"column":7}},{"start":{},"end":{}}],"line":25},"4":{"loc":{"start":{"line":29,"column":19},"end":{"line":29,"column":71}},"type":"cond-expr","locations":[{"start":{"line":29,"column":27},"end":{"line":29,"column":53}},{"start":{"line":29,"column":56},"end":{"line":29,"column":71}}],"line":29},"5":{"loc":{"start":{"line":40,"column":15},"end":{"line":40,"column":66}},"type":"cond-expr","locations":[{"start":{"line":40,"column":23},"end":{"line":40,"column":49}},{"start":{"line":40,"column":52},"end":{"line":40,"column":66}}],"line":40}},"s":{"0":2,"1":2,"2":9,"3":9,"4":9,"5":9,"6":3,"7":6,"8":6,"9":2,"10":2,"11":4,"12":4,"13":4,"14":0,"15":0,"16":2},"f":{"0":9,"1":6},"b":{"0":[9,6],"1":[3,6],"2":[2,1],"3":[2,4],"4":[0,2],"5":[0,0]},"_coverageSchema":"1a1c01bbd47fc00a2c39e90264f33305004495a9","hash":"53ffe55fa054bd15ea6d00b2e902dbc02b33c249"}
,"C:\\Event-Locator-App---Backend\\src\\middleware\\errorHandler.js": {"path":"C:\\Event-Locator-App---Backend\\src\\middleware\\errorHandler.js","statementMap":{"0":{"start":{"line":1,"column":15},"end":{"line":1,"column":42}},"1":{"start":{"line":7,"column":2},"end":{"line":12,"column":5}},"2":{"start":{"line":14,"column":21},"end":{"line":14,"column":42}},"3":{"start":{"line":15,"column":18},"end":{"line":15,"column":56}},"4":{"start":{"line":17,"column":2},"end":{"line":21,"column":5}},"5":{"start":{"line":28,"column":2},"end":{"line":31,"column":5}},"6":{"start":{"line":34,"column":0},"end":{"line":34,"column":57}}},"fnMap":{"0":{"name":"globalErrorHandler","decl":{"start":{"line":6,"column":9},"end":{"line":6,"column":27}},"loc":{"start":{"line":6,"column":49},"end":{"line":22,"column":1}},"line":6},"1":{"name":"notFoundHandler","decl":{"start":{"line":27,"column":9},"end":{"line":27,"column":24}},"loc":{"start":{"line":27,"column":35},"end":{"line":32,"column":1}},"line":27}},"branchMap":{"0":{"loc":{"start":{"line":14,"column":21},"end":{"line":14,"column":42}},"type":"binary-expr","locations":[{"start":{"line":14,"column":21},"end":{"line":14,"column":35}},{"start":{"line":14,"column":39},"end":{"line":14,"column":42}}],"line":14},"1":{"loc":{"start":{"line":15,"column":18},"end":{"line":15,"column":56}},"type":"binary-expr","locations":[{"start":{"line":15,"column":18},"end":{"line":15,"column":29}},{"start":{"line":15,"column":33},"end":{"line":15,"column":56}}],"line":15},"2":{"loc":{"start":{"line":20,"column":8},"end":{"line":20,"column":70}},"type":"binary-expr","locations":[{"start":{"line":20,"column":8},"end":{"line":20,"column":46}},{"start":{"line":20,"column":50},"end":{"line":20,"column":70}}],"line":20},"3":{"loc":{"start":{"line":30,"column":13},"end":{"line":30,"column":61}},"type":"binary-expr","locations":[{"start":{"line":30,"column":13},"end":{"line":30,"column":37}},{"start":{"line":30,"column":41},"end":{"line":30,"column":61}}],"line":30}},"s":{"0":1,"1":4,"2":4,"3":4,"4":4,"5":2,"6":1},"f":{"0":4,"1":2},"b":{"0":[4,1],"1":[4,0],"2":[4,1],"3":[2,1]},"_coverageSchema":"1a1c01bbd47fc00a2c39e90264f33305004495a9","hash":"4ae07c01122bb34f343db7057a93bc8727defeb1"}
,"C:\\Event-Locator-App---Backend\\src\\middleware\\errorMiddleware.js": {"path":"C:\\Event-Locator-App---Backend\\src\\middleware\\errorMiddleware.js","statementMap":{"0":{"start":{"line":6,"column":15},"end":{"line":6,"column":42}},"1":{"start":{"line":12,"column":2},"end":{"line":17,"column":5}},"2":{"start":{"line":20,"column":21},"end":{"line":20,"column":42}},"3":{"start":{"line":21,"column":18},"end":{"line":21,"column":56}},"4":{"start":{"line":23,"column":2},"end":{"line":27,"column":5}},"5":{"start":{"line":34,"column":2},"end":{"line":37,"column":5}},"6":{"start":{"line":40,"column":0},"end":{"line":43,"column":2}}},"fnMap":{"0":{"name":"globalErrorHandler","decl":{"start":{"line":11,"column":9},"end":{"line":11,"column":27}},"loc":{"start":{"line":11,"column":49},"end":{"line":28,"column":1}},"line":11},"1":{"name":"notFoundHandler","decl":{"start":{"line":33,"column":9},"end":{"line":33,"column":24}},"loc":{"start":{"line":33,"column":35},"end":{"line":38,"column":1}},"line":33}},"branchMap":{"0":{"loc":{"start":{"line":20,"column":21},"end":{"line":20,"column":42}},"type":"binary-expr","locations":[{"start":{"line":20,"column":21},"end":{"line":20,"column":35}},{"start":{"line":20,"column":39},"end":{"line":20,"column":42}}],"line":20},"1":{"loc":{"start":{"line":21,"column":18},"end":{"line":21,"column":56}},"type":"binary-expr","locations":[{"start":{"line":21,"column":18},"end":{"line":21,"column":29}},{"start":{"line":21,"column":33},"end":{"line":21,"column":56}}],"line":21},"2":{"loc":{"start":{"line":26,"column":8},"end":{"line":26,"column":70}},"type":"binary-expr","locations":[{"start":{"line":26,"column":8},"end":{"line":26,"column":46}},{"start":{"line":26,"column":50},"end":{"line":26,"column":70}}],"line":26},"3":{"loc":{"start":{"line":36,"column":13},"end":{"line":36,"column":67}},"type":"binary-expr","locations":[{"start":{"line":36,"column":13},"end":{"line":36,"column":43}},{"start":{"line":36,"column":47},"end":{"line":36,"column":67}}],"line":36}},"s":{"0":1,"1":3,"2":3,"3":3,"4":3,"5":2,"6":1},"f":{"0":3,"1":2},"b":{"0":[3,1],"1":[3,0],"2":[3,1],"3":[2,1]},"_coverageSchema":"1a1c01bbd47fc00a2c39e90264f33305004495a9","hash":"76bb6f66e1c4e6aa5ac8235233400f14a0b797c3"}
,"C:\\Event-Locator-App---Backend\\src\\middleware\\validationMiddleware.js": {"path":"C:\\Event-Locator-App---Backend\\src\\middleware\\validationMiddleware.js","statementMap":{"0":{"start":{"line":6,"column":29},"end":{"line":6,"column":57}},"1":{"start":{"line":12,"column":17},"end":{"line":12,"column":38}},"2":{"start":{"line":13,"column":2},"end":{"line":19,"column":3}},"3":{"start":{"line":14,"column":4},"end":{"line":18,"column":7}},"4":{"start":{"line":20,"column":2},"end":{"line":20,"column":9}},"5":{"start":{"line":23,"column":0},"end":{"line":25,"column":2}}},"fnMap":{"0":{"name":"handleValidationErrors","decl":{"start":{"line":11,"column":9},"end":{"line":11,"column":31}},"loc":{"start":{"line":11,"column":48},"end":{"line":21,"column":1}},"line":11}},"branchMap":{"0":{"loc":{"start":{"line":13,"column":2},"end":{"line":19,"column":3}},"type":"if","locations":[{"start":{"line":13,"column":2},"end":{"line":19,"column":3}},{"start":{},"end":{}}],"line":13}},"s":{"0":1,"1":10,"2":10,"3":3,"4":7,"5":1},"f":{"0":10},"b":{"0":[3,7]},"_coverageSchema":"1a1c01bbd47fc00a2c39e90264f33305004495a9","hash":"c52ac21ed2c79a0f2d76d788d26952cf9fd0651d"}
,"C:\\Event-Locator-App---Backend\\src\\services\\authService.js": {"path":"C:\\Event-Locator-App---Backend\\src\\services\\authService.js","statementMap":{"0":{"start":{"line":6,"column":15},"end":{"line":6,"column":34}},"1":{"start":{"line":7,"column":12},"end":{"line":7,"column":35}},"2":{"start":{"line":8,"column":15},"end":{"line":8,"column":48}},"3":{"start":{"line":9,"column":15},"end":{"line":9,"column":42}},"4":{"start":{"line":10,"column":23},"end":{"line":10,"column":38}},"5":{"start":{"line":17,"column":53},"end":{"line":17,"column":61}},"6":{"start":{"line":20,"column":25},"end":{"line":23,"column":5}},"7":{"start":{"line":25,"column":4},"end":{"line":27,"column":5}},"8":{"start":{"line":26,"column":6},"end":{"line":26,"column":61}},"9":{"start":{"line":30,"column":27},"end":{"line":30,"column":58}},"10":{"start":{"line":31,"column":19},"end":{"line":31,"column":27}},"11":{"start":{"line":33,"column":17},"end":{"line":38,"column":5}},"12":{"start":{"line":41,"column":4},"end":{"line":44,"column":6}},"13":{"start":{"line":46,"column":18},"end":{"line":46,"column":45}},"14":{"start":{"line":48,"column":4},"end":{"line":48,"column":45}},"15":{"start":{"line":50,"column":4},"end":{"line":59,"column":6}},"16":{"start":{"line":66,"column":17},"end":{"line":70,"column":5}},"17":{"start":{"line":72,"column":4},"end":{"line":74,"column":5}},"18":{"start":{"line":73,"column":6},"end":{"line":73,"column":51}},"19":{"start":{"line":76,"column":4},"end":{"line":78,"column":5}},"20":{"start":{"line":77,"column":6},"end":{"line":77,"column":50}},"21":{"start":{"line":80,"column":26},"end":{"line":80,"column":76}},"22":{"start":{"line":81,"column":4},"end":{"line":83,"column":5}},"23":{"start":{"line":82,"column":6},"end":{"line":82,"column":51}},"24":{"start":{"line":85,"column":18},"end":{"line":85,"column":45}},"25":{"start":{"line":87,"column":4},"end":{"line":87,"column":44}},"26":{"start":{"line":89,"column":4},"end":{"line":98,"column":6}},"27":{"start":{"line":105,"column":4},"end":{"line":107,"column":7}},"28":{"start":{"line":114,"column":4},"end":{"line":118,"column":5}},"29":{"start":{"line":115,"column":6},"end":{"line":115,"column":55}},"30":{"start":{"line":117,"column":6},"end":{"line":117,"column":50}},"31":{"start":{"line":125,"column":17},"end":{"line":131,"column":5}},"32":{"start":{"line":133,"column":4},"end":{"line":135,"column":5}},"33":{"start":{"line":134,"column":6},"end":{"line":134,"column":40}},"34":{"start":{"line":137,"column":4},"end":{"line":137,"column":16}},"35":{"start":{"line":145,"column":21},"end":{"line":150,"column":5}},"36":{"start":{"line":151,"column":22},"end":{"line":151,"column":24}},"37":{"start":{"line":152,"column":19},"end":{"line":152,"column":21}},"38":{"start":{"line":153,"column":21},"end":{"line":153,"column":22}},"39":{"start":{"line":155,"column":4},"end":{"line":162,"column":5}},"40":{"start":{"line":156,"column":22},"end":{"line":156,"column":35}},"41":{"start":{"line":157,"column":6},"end":{"line":161,"column":7}},"42":{"start":{"line":158,"column":8},"end":{"line":158,"column":54}},"43":{"start":{"line":159,"column":8},"end":{"line":159,"column":27}},"44":{"start":{"line":160,"column":8},"end":{"line":160,"column":21}},"45":{"start":{"line":164,"column":4},"end":{"line":166,"column":5}},"46":{"start":{"line":165,"column":6},"end":{"line":165,"column":51}},"47":{"start":{"line":168,"column":4},"end":{"line":168,"column":53}},"48":{"start":{"line":169,"column":4},"end":{"line":169,"column":24}},"49":{"start":{"line":171,"column":17},"end":{"line":176,"column":5}},"50":{"start":{"line":178,"column":4},"end":{"line":178,"column":51}},"51":{"start":{"line":180,"column":4},"end":{"line":180,"column":16}},"52":{"start":{"line":187,"column":17},"end":{"line":194,"column":5}},"53":{"start":{"line":196,"column":4},"end":{"line":196,"column":52}},"54":{"start":{"line":198,"column":4},"end":{"line":198,"column":16}},"55":{"start":{"line":205,"column":17},"end":{"line":208,"column":5}},"56":{"start":{"line":210,"column":4},"end":{"line":212,"column":5}},"57":{"start":{"line":211,"column":6},"end":{"line":211,"column":40}},"58":{"start":{"line":214,"column":26},"end":{"line":214,"column":83}},"59":{"start":{"line":215,"column":4},"end":{"line":217,"column":5}},"60":{"start":{"line":216,"column":6},"end":{"line":216,"column":55}},"61":{"start":{"line":219,"column":28},"end":{"line":219,"column":62}},"62":{"start":{"line":221,"column":4},"end":{"line":224,"column":6}},"63":{"start":{"line":226,"column":4},"end":{"line":226,"column":56}},"64":{"start":{"line":228,"column":4},"end":{"line":228,"column":16}},"65":{"start":{"line":232,"column":0},"end":{"line":232,"column":35}}},"fnMap":{"0":{"name":"(anonymous_0)","decl":{"start":{"line":16,"column":2},"end":{"line":16,"column":3}},"loc":{"start":{"line":16,"column":31},"end":{"line":60,"column":3}},"line":16},"1":{"name":"(anonymous_1)","decl":{"start":{"line":65,"column":2},"end":{"line":65,"column":3}},"loc":{"start":{"line":65,"column":35},"end":{"line":99,"column":3}},"line":65},"2":{"name":"(anonymous_2)","decl":{"start":{"line":104,"column":2},"end":{"line":104,"column":3}},"loc":{"start":{"line":104,"column":24},"end":{"line":108,"column":3}},"line":104},"3":{"name":"(anonymous_3)","decl":{"start":{"line":113,"column":2},"end":{"line":113,"column":3}},"loc":{"start":{"line":113,"column":21},"end":{"line":119,"column":3}},"line":113},"4":{"name":"(anonymous_4)","decl":{"start":{"line":124,"column":2},"end":{"line":124,"column":3}},"loc":{"start":{"line":124,"column":28},"end":{"line":138,"column":3}},"line":124},"5":{"name":"(anonymous_5)","decl":{"start":{"line":143,"column":2},"end":{"line":143,"column":3}},"loc":{"start":{"line":143,"column":43},"end":{"line":181,"column":3}},"line":143},"6":{"name":"(anonymous_6)","decl":{"start":{"line":186,"column":2},"end":{"line":186,"column":3}},"loc":{"start":{"line":186,"column":56},"end":{"line":199,"column":3}},"line":186},"7":{"name":"(anonymous_7)","decl":{"start":{"line":204,"column":2},"end":{"line":204,"column":3}},"loc":{"start":{"line":204,"column":61},"end":{"line":229,"column":3}},"line":204}},"branchMap":{"0":{"loc":{"start":{"line":25,"column":4},"end":{"line":27,"column":5}},"type":"if","locations":[{"start":{"line":25,"column":4},"end":{"line":27,"column":5}},{"start":{},"end":{}}],"line":25},"1":{"loc":{"start":{"line":72,"column":4},"end":{"line":74,"column":5}},"type":"if","locations":[{"start":{"line":72,"column":4},"end":{"line":74,"column":5}},{"start":{},"end":{}}],"line":72},"2":{"loc":{"start":{"line":76,"column":4},"end":{"line":78,"column":5}},"type":"if","locations":[{"start":{"line":76,"column":4},"end":{"line":78,"column":5}},{"start":{},"end":{}}],"line":76},"3":{"loc":{"start":{"line":81,"column":4},"end":{"line":83,"column":5}},"type":"if","locations":[{"start":{"line":81,"column":4},"end":{"line":83,"column":5}},{"start":{},"end":{}}],"line":81},"4":{"loc":{"start":{"line":133,"column":4},"end":{"line":135,"column":5}},"type":"if","locations":[{"start":{"line":133,"column":4},"end":{"line":135,"column":5}},{"start":{},"end":{}}],"line":133},"5":{"loc":{"start":{"line":157,"column":6},"end":{"line":161,"column":7}},"type":"if","locations":[{"start":{"line":157,"column":6},"end":{"line":161,"column":7}},{"start":{},"end":{}}],"line":157},"6":{"loc":{"start":{"line":157,"column":10},"end":{"line":157,"column":40}},"type":"binary-expr","locations":[{"start":{"line":157,"column":10},"end":{"line":157,"column":17}},{"start":{"line":157,"column":21},"end":{"line":157,"column":40}}],"line":157},"7":{"loc":{"start":{"line":164,"column":4},"end":{"line":166,"column":5}},"type":"if","locations":[{"start":{"line":164,"column":4},"end":{"line":166,"column":5}},{"start":{},"end":{}}],"line":164},"8":{"loc":{"start":{"line":210,"column":4},"end":{"line":212,"column":5}},"type":"if","locations":[{"start":{"line":210,"column":4},"end":{"line":212,"column":5}},{"start":{},"end":{}}],"line":210},"9":{"loc":{"start":{"line":215,"column":4},"end":{"line":217,"column":5}},"type":"if","locations":[{"start":{"line":215,"column":4},"end":{"line":217,"column":5}},{"start":{},"end":{}}],"line":215}},"s":{"0":2,"1":2,"2":2,"3":2,"4":2,"5":2,"6":2,"7":2,"8":1,"9":1,"10":1,"11":1,"12":1,"13":1,"14":1,"15":1,"16":3,"17":3,"18":1,"19":2,"20":1,"21":1,"22":1,"23":0,"24":1,"25":1,"26":1,"27":3,"28":2,"29":2,"30":1,"31":2,"32":2,"33":1,"34":1,"35":2,"36":2,"37":2,"38":2,"39":2,"40":3,"41":3,"42":2,"43":2,"44":2,"45":2,"46":1,"47":1,"48":1,"49":1,"50":1,"51":1,"52":1,"53":1,"54":1,"55":2,"56":2,"57":0,"58":2,"59":2,"60":1,"61":1,"62":1,"63":1,"64":1,"65":2},"f":{"0":2,"1":3,"2":3,"3":2,"4":2,"5":2,"6":1,"7":2},"b":{"0":[1,1],"1":[1,2],"2":[1,1],"3":[0,1],"4":[1,1],"5":[2,1],"6":[3,2],"7":[1,1],"8":[0,2],"9":[1,1]},"_coverageSchema":"1a1c01bbd47fc00a2c39e90264f33305004495a9","hash":"70216aa4960a1806144b923d8288534061e144c1"}
,"C:\\Event-Locator-App---Backend\\src\\services\\eventService.js": {"path":"C:\\Event-Locator-App---Backend\\src\\services\\eventService.js","statementMap":{"0":{"start":{"line":1,"column":15},"end":{"line":1,"column":48}},"1":{"start":{"line":2,"column":23},"end":{"line":2,"column":38}},"2":{"start":{"line":29,"column":8},"end":{"line":29,"column":17}},"3":{"start":{"line":32,"column":4},"end":{"line":34,"column":5}},"4":{"start":{"line":33,"column":6},"end":{"line":33,"column":59}},"5":{"start":{"line":36,"column":20},"end":{"line":36,"column":28}},"6":{"start":{"line":39,"column":18},"end":{"line":45,"column":5}},"7":{"start":{"line":48,"column":4},"end":{"line":55,"column":5}},"8":{"start":{"line":49,"column":6},"end":{"line":54,"column":7}},"9":{"start":{"line":50,"column":8},"end":{"line":53,"column":10}},"10":{"start":{"line":58,"column":4},"end":{"line":61,"column":6}},"11":{"start":{"line":63,"column":4},"end":{"line":63,"column":17}},"12":{"start":{"line":72,"column":18},"end":{"line":80,"column":5}},"13":{"start":{"line":82,"column":4},"end":{"line":84,"column":5}},"14":{"start":{"line":83,"column":6},"end":{"line":83,"column":41}},"15":{"start":{"line":87,"column":23},"end":{"line":93,"column":5}},"16":{"start":{"line":96,"column":23},"end":{"line":100,"column":5}},"17":{"start":{"line":102,"column":4},"end":{"line":102,"column":34}},"18":{"start":{"line":103,"column":4},"end":{"line":103,"column":77}},"19":{"start":{"line":104,"column":4},"end":{"line":104,"column":54}},"20":{"start":{"line":106,"column":4},"end":{"line":106,"column":17}},"21":{"start":{"line":118,"column":25},"end":{"line":118,"column":58}},"22":{"start":{"line":120,"column":16},"end":{"line":130,"column":5}},"23":{"start":{"line":132,"column":19},"end":{"line":132,"column":21}},"24":{"start":{"line":135,"column":4},"end":{"line":143,"column":5}},"25":{"start":{"line":136,"column":6},"end":{"line":141,"column":8}},"26":{"start":{"line":142,"column":6},"end":{"line":142,"column":39}},"27":{"start":{"line":146,"column":4},"end":{"line":149,"column":5}},"28":{"start":{"line":147,"column":6},"end":{"line":147,"column":60}},"29":{"start":{"line":148,"column":6},"end":{"line":148,"column":37}},"30":{"start":{"line":151,"column":4},"end":{"line":154,"column":5}},"31":{"start":{"line":152,"column":6},"end":{"line":152,"column":58}},"32":{"start":{"line":153,"column":6},"end":{"line":153,"column":35}},"33":{"start":{"line":156,"column":4},"end":{"line":156,"column":59}},"34":{"start":{"line":158,"column":19},"end":{"line":158,"column":46}},"35":{"start":{"line":159,"column":4},"end":{"line":159,"column":18}},"36":{"start":{"line":169,"column":14},"end":{"line":177,"column":5}},"37":{"start":{"line":179,"column":19},"end":{"line":179,"column":33}},"38":{"start":{"line":181,"column":4},"end":{"line":189,"column":5}},"39":{"start":{"line":182,"column":6},"end":{"line":187,"column":8}},"40":{"start":{"line":188,"column":6},"end":{"line":188,"column":39}},"41":{"start":{"line":191,"column":4},"end":{"line":194,"column":5}},"42":{"start":{"line":192,"column":6},"end":{"line":192,"column":58}},"43":{"start":{"line":193,"column":6},"end":{"line":193,"column":37}},"44":{"start":{"line":196,"column":4},"end":{"line":196,"column":49}},"45":{"start":{"line":198,"column":4},"end":{"line":198,"column":31}},"46":{"start":{"line":210,"column":18},"end":{"line":213,"column":5}},"47":{"start":{"line":215,"column":4},"end":{"line":217,"column":5}},"48":{"start":{"line":216,"column":6},"end":{"line":216,"column":41}},"49":{"start":{"line":219,"column":4},"end":{"line":221,"column":5}},"50":{"start":{"line":220,"column":6},"end":{"line":220,"column":69}},"51":{"start":{"line":223,"column":26},"end":{"line":223,"column":123}},"52":{"start":{"line":224,"column":25},"end":{"line":224,"column":27}},"53":{"start":{"line":225,"column":19},"end":{"line":225,"column":28}},"54":{"start":{"line":227,"column":4},"end":{"line":232,"column":5}},"55":{"start":{"line":228,"column":6},"end":{"line":231,"column":7}},"56":{"start":{"line":229,"column":8},"end":{"line":229,"column":60}},"57":{"start":{"line":230,"column":8},"end":{"line":230,"column":27}},"58":{"start":{"line":234,"column":4},"end":{"line":236,"column":5}},"59":{"start":{"line":235,"column":6},"end":{"line":235,"column":51}},"60":{"start":{"line":238,"column":25},"end":{"line":243,"column":5}},"61":{"start":{"line":245,"column":4},"end":{"line":245,"column":24}},"62":{"start":{"line":255,"column":18},"end":{"line":258,"column":5}},"63":{"start":{"line":260,"column":4},"end":{"line":262,"column":5}},"64":{"start":{"line":261,"column":6},"end":{"line":261,"column":41}},"65":{"start":{"line":264,"column":4},"end":{"line":266,"column":5}},"66":{"start":{"line":265,"column":6},"end":{"line":265,"column":69}},"67":{"start":{"line":268,"column":4},"end":{"line":271,"column":6}},"68":{"start":{"line":273,"column":4},"end":{"line":273,"column":16}},"69":{"start":{"line":282,"column":19},"end":{"line":289,"column":5}},"70":{"start":{"line":291,"column":4},"end":{"line":291,"column":18}},"71":{"start":{"line":295,"column":0},"end":{"line":295,"column":36}}},"fnMap":{"0":{"name":"(anonymous_0)","decl":{"start":{"line":16,"column":2},"end":{"line":16,"column":3}},"loc":{"start":{"line":16,"column":42},"end":{"line":64,"column":3}},"line":16},"1":{"name":"(anonymous_1)","decl":{"start":{"line":71,"column":2},"end":{"line":71,"column":3}},"loc":{"start":{"line":71,"column":30},"end":{"line":107,"column":3}},"line":71},"2":{"name":"(anonymous_2)","decl":{"start":{"line":117,"column":2},"end":{"line":117,"column":3}},"loc":{"start":{"line":117,"column":81},"end":{"line":160,"column":3}},"line":117},"3":{"name":"(anonymous_3)","decl":{"start":{"line":168,"column":2},"end":{"line":168,"column":3}},"loc":{"start":{"line":168,"column":42},"end":{"line":199,"column":3}},"line":168},"4":{"name":"(anonymous_4)","decl":{"start":{"line":208,"column":2},"end":{"line":208,"column":3}},"loc":{"start":{"line":208,"column":46},"end":{"line":246,"column":3}},"line":208},"5":{"name":"(anonymous_5)","decl":{"start":{"line":254,"column":2},"end":{"line":254,"column":3}},"loc":{"start":{"line":254,"column":37},"end":{"line":274,"column":3}},"line":254},"6":{"name":"(anonymous_6)","decl":{"start":{"line":281,"column":2},"end":{"line":281,"column":3}},"loc":{"start":{"line":281,"column":30},"end":{"line":292,"column":3}},"line":281}},"branchMap":{"0":{"loc":{"start":{"line":32,"column":4},"end":{"line":34,"column":5}},"type":"if","locations":[{"start":{"line":32,"column":4},"end":{"line":34,"column":5}},{"start":{},"end":{}}],"line":32},"1":{"loc":{"start":{"line":48,"column":4},"end":{"line":55,"column":5}},"type":"if","locations":[{"start":{"line":48,"column":4},"end":{"line":55,"column":5}},{"start":{},"end":{}}],"line":48},"2":{"loc":{"start":{"line":48,"column":8},"end":{"line":48,"column":45}},"type":"binary-expr","locations":[{"start":{"line":48,"column":8},"end":{"line":48,"column":19}},{"start":{"line":48,"column":23},"end":{"line":48,"column":45}}],"line":48},"3":{"loc":{"start":{"line":82,"column":4},"end":{"line":84,"column":5}},"type":"if","locations":[{"start":{"line":82,"column":4},"end":{"line":84,"column":5}},{"start":{},"end":{}}],"line":82},"4":{"loc":{"start":{"line":103,"column":37},"end":{"line":103,"column":64}},"type":"binary-expr","locations":[{"start":{"line":103,"column":37},"end":{"line":103,"column":59}},{"start":{"line":103,"column":63},"end":{"line":103,"column":64}}],"line":103},"5":{"loc":{"start":{"line":104,"column":24},"end":{"line":104,"column":53}},"type":"binary-expr","locations":[{"start":{"line":104,"column":24},"end":{"line":104,"column":48}},{"start":{"line":104,"column":52},"end":{"line":104,"column":53}}],"line":104},"6":{"loc":{"start":{"line":117,"column":52},"end":{"line":117,"column":65}},"type":"default-arg","locations":[{"start":{"line":117,"column":63},"end":{"line":117,"column":65}}],"line":117},"7":{"loc":{"start":{"line":117,"column":67},"end":{"line":117,"column":79}},"type":"default-arg","locations":[{"start":{"line":117,"column":77},"end":{"line":117,"column":79}}],"line":117},"8":{"loc":{"start":{"line":135,"column":4},"end":{"line":143,"column":5}},"type":"if","locations":[{"start":{"line":135,"column":4},"end":{"line":143,"column":5}},{"start":{},"end":{}}],"line":135},"9":{"loc":{"start":{"line":135,"column":8},"end":{"line":135,"column":61}},"type":"binary-expr","locations":[{"start":{"line":135,"column":8},"end":{"line":135,"column":27}},{"start":{"line":135,"column":31},"end":{"line":135,"column":61}}],"line":135},"10":{"loc":{"start":{"line":146,"column":4},"end":{"line":149,"column":5}},"type":"if","locations":[{"start":{"line":146,"column":4},"end":{"line":149,"column":5}},{"start":{},"end":{}}],"line":146},"11":{"loc":{"start":{"line":151,"column":4},"end":{"line":154,"column":5}},"type":"if","locations":[{"start":{"line":151,"column":4},"end":{"line":154,"column":5}},{"start":{},"end":{}}],"line":151},"12":{"loc":{"start":{"line":168,"column":28},"end":{"line":168,"column":40}},"type":"default-arg","locations":[{"start":{"line":168,"column":38},"end":{"line":168,"column":40}}],"line":168},"13":{"loc":{"start":{"line":181,"column":4},"end":{"line":189,"column":5}},"type":"if","locations":[{"start":{"line":181,"column":4},"end":{"line":189,"column":5}},{"start":{},"end":{}}],"line":181},"14":{"loc":{"start":{"line":181,"column":8},"end":{"line":181,"column":61}},"type":"binary-expr","locations":[{"start":{"line":181,"column":8},"end":{"line":181,"column":27}},{"start":{"line":181,"column":31},"end":{"line":181,"column":61}}],"line":181},"15":{"loc":{"start":{"line":191,"column":4},"end":{"line":194,"column":5}},"type":"if","locations":[{"start":{"line":191,"column":4},"end":{"line":194,"column":5}},{"start":{},"end":{}}],"line":191},"16":{"loc":{"start":{"line":215,"column":4},"end":{"line":217,"column":5}},"type":"if","locations":[{"start":{"line":215,"column":4},"end":{"line":217,"column":5}},{"start":{},"end":{}}],"line":215},"17":{"loc":{"start":{"line":219,"column":4},"end":{"line":221,"column":5}},"type":"if","locations":[{"start":{"line":219,"column":4},"end":{"line":221,"column":5}},{"start":{},"end":{}}],"line":219},"18":{"loc":{"start":{"line":228,"column":6},"end":{"line":231,"column":7}},"type":"if","locations":[{"start":{"line":228,"column":6},"end":{"line":231,"column":7}},{"start":{},"end":{}}],"line":228},"19":{"loc":{"start":{"line":234,"column":4},"end":{"line":236,"column":5}},"type":"if","locations":[{"start":{"line":234,"column":4},"end":{"line":236,"column":5}},{"start":{},"end":{}}],"line":234},"20":{"loc":{"start":{"line":260,"column":4},"end":{"line":262,"column":5}},"type":"if","locations":[{"start":{"line":260,"column":4},"end":{"line":262,"column":5}},{"start":{},"end":{}}],"line":260},"21":{"loc":{"start":{"line":264,"column":4},"end":{"line":266,"column":5}},"type":"if","locations":[{"start":{"line":264,"column":4},"end":{"line":266,"column":5}},{"start":{},"end":{}}],"line":264}},"s":{"0":2,"1":2,"2":3,"3":3,"4":1,"5":2,"6":2,"7":2,"8":1,"9":2,"10":2,"11":2,"12":3,"13":3,"14":1,"15":2,"16":2,"17":2,"18":2,"19":2,"20":2,"21":2,"22":2,"23":2,"24":2,"25":1,"26":1,"27":2,"28":1,"29":1,"30":2,"31":1,"32":1,"33":2,"34":2,"35":2,"36":1,"37":1,"38":1,"39":1,"40":1,"41":1,"42":1,"43":1,"44":1,"45":1,"46":4,"47":4,"48":1,"49":3,"50":1,"51":2,"52":2,"53":2,"54":2,"55":2,"56":1,"57":1,"58":2,"59":1,"60":1,"61":1,"62":3,"63":3,"64":1,"65":2,"66":1,"67":1,"68":1,"69":1,"70":1,"71":2},"f":{"0":3,"1":3,"2":2,"3":1,"4":4,"5":3,"6":1},"b":{"0":[1,2],"1":[1,1],"2":[2,1],"3":[1,2],"4":[2,1],"5":[2,1],"6":[0],"7":[1],"8":[1,1],"9":[2,1],"10":[1,1],"11":[1,1],"12":[0],"13":[1,0],"14":[1,1],"15":[1,0],"16":[1,3],"17":[1,2],"18":[1,1],"19":[1,1],"20":[1,2],"21":[1,1]},"_coverageSchema":"1a1c01bbd47fc00a2c39e90264f33305004495a9","hash":"5b8a507f0f309907a5812219c890043783f1e690"}
,"C:\\Event-Locator-App---Backend\\src\\services\\notificationService.js": {"path":"C:\\Event-Locator-App---Backend\\src\\services\\notificationService.js","statementMap":{"0":{"start":{"line":1,"column":14},"end":{"line":1,"column":30}},"1":{"start":{"line":2,"column":15},"end":{"line":2,"column":48}},"2":{"start":{"line":3,"column":23},"end":{"line":3,"column":38}},"3":{"start":{"line":12,"column":4},"end":{"line":12,"column":23}},"4":{"start":{"line":13,"column":4},"end":{"line":13,"column":27}},"5":{"start":{"line":14,"column":4},"end":{"line":14,"column":29}},"6":{"start":{"line":22,"column":4},"end":{"line":44,"column":5}},"7":{"start":{"line":23,"column":6},"end":{"line":29,"column":9}},"8":{"start":{"line":31,"column":6},"end":{"line":31,"column":48}},"9":{"start":{"line":33,"column":6},"end":{"line":33,"column":82}},"10":{"start":{"line":33,"column":39},"end":{"line":33,"column":80}},"11":{"start":{"line":34,"column":6},"end":{"line":34,"column":90}},"12":{"start":{"line":34,"column":43},"end":{"line":34,"column":88}},"13":{"start":{"line":36,"column":6},"end":{"line":36,"column":34}},"14":{"start":{"line":37,"column":6},"end":{"line":37,"column":38}},"15":{"start":{"line":39,"column":6},"end":{"line":39,"column":30}},"16":{"start":{"line":40,"column":6},"end":{"line":40,"column":62}},"17":{"start":{"line":42,"column":6},"end":{"line":42,"column":69}},"18":{"start":{"line":43,"column":6},"end":{"line":43,"column":65}},"19":{"start":{"line":54,"column":46},"end":{"line":54,"column":62}},"20":{"start":{"line":56,"column":25},"end":{"line":61,"column":5}},"21":{"start":{"line":64,"column":4},"end":{"line":73,"column":5}},"22":{"start":{"line":65,"column":6},"end":{"line":72,"column":7}},"23":{"start":{"line":66,"column":8},"end":{"line":69,"column":10}},"24":{"start":{"line":71,"column":8},"end":{"line":71,"column":80}},"25":{"start":{"line":75,"column":4},"end":{"line":75,"column":24}},"26":{"start":{"line":86,"column":16},"end":{"line":86,"column":64}},"27":{"start":{"line":87,"column":19},"end":{"line":87,"column":27}},"28":{"start":{"line":89,"column":4},"end":{"line":91,"column":5}},"29":{"start":{"line":90,"column":6},"end":{"line":90,"column":35}},"30":{"start":{"line":93,"column":4},"end":{"line":93,"column":50}},"31":{"start":{"line":94,"column":4},"end":{"line":94,"column":23}},"32":{"start":{"line":96,"column":4},"end":{"line":96,"column":33}},"33":{"start":{"line":105,"column":4},"end":{"line":108,"column":6}},"34":{"start":{"line":109,"column":4},"end":{"line":109,"column":16}},"35":{"start":{"line":118,"column":4},"end":{"line":121,"column":6}},"36":{"start":{"line":122,"column":4},"end":{"line":122,"column":16}},"37":{"start":{"line":133,"column":4},"end":{"line":136,"column":5}},"38":{"start":{"line":134,"column":6},"end":{"line":134,"column":70}},"39":{"start":{"line":135,"column":6},"end":{"line":135,"column":13}},"40":{"start":{"line":138,"column":4},"end":{"line":149,"column":5}},"41":{"start":{"line":139,"column":6},"end":{"line":146,"column":8}},"42":{"start":{"line":148,"column":6},"end":{"line":148,"column":75}},"43":{"start":{"line":160,"column":4},"end":{"line":163,"column":5}},"44":{"start":{"line":161,"column":6},"end":{"line":161,"column":70}},"45":{"start":{"line":162,"column":6},"end":{"line":162,"column":13}},"46":{"start":{"line":165,"column":4},"end":{"line":181,"column":5}},"47":{"start":{"line":167,"column":24},"end":{"line":167,"column":56}},"48":{"start":{"line":168,"column":6},"end":{"line":178,"column":8}},"49":{"start":{"line":180,"column":6},"end":{"line":180,"column":69}},"50":{"start":{"line":191,"column":4},"end":{"line":194,"column":5}},"51":{"start":{"line":192,"column":6},"end":{"line":192,"column":60}},"52":{"start":{"line":193,"column":6},"end":{"line":193,"column":13}},"53":{"start":{"line":196,"column":4},"end":{"line":210,"column":5}},"54":{"start":{"line":197,"column":6},"end":{"line":207,"column":8}},"55":{"start":{"line":200,"column":10},"end":{"line":205,"column":11}},"56":{"start":{"line":201,"column":33},"end":{"line":201,"column":52}},"57":{"start":{"line":202,"column":12},"end":{"line":202,"column":35}},"58":{"start":{"line":204,"column":12},"end":{"line":204,"column":72}},"59":{"start":{"line":209,"column":6},"end":{"line":209,"column":74}},"60":{"start":{"line":220,"column":18},"end":{"line":223,"column":5}},"61":{"start":{"line":226,"column":18},"end":{"line":236,"column":5}},"62":{"start":{"line":238,"column":28},"end":{"line":238,"column":29}},"63":{"start":{"line":240,"column":4},"end":{"line":252,"column":5}},"64":{"start":{"line":241,"column":6},"end":{"line":251,"column":7}},"65":{"start":{"line":242,"column":8},"end":{"line":247,"column":11}},"66":{"start":{"line":248,"column":8},"end":{"line":248,"column":28}},"67":{"start":{"line":250,"column":8},"end":{"line":250,"column":73}},"68":{"start":{"line":254,"column":4},"end":{"line":254,"column":29}},"69":{"start":{"line":263,"column":19},"end":{"line":266,"column":5}},"70":{"start":{"line":268,"column":4},"end":{"line":268,"column":34}},"71":{"start":{"line":276,"column":19},"end":{"line":281,"column":5}},"72":{"start":{"line":283,"column":4},"end":{"line":283,"column":27}},"73":{"start":{"line":287,"column":0},"end":{"line":287,"column":43}}},"fnMap":{"0":{"name":"(anonymous_0)","decl":{"start":{"line":11,"column":2},"end":{"line":11,"column":3}},"loc":{"start":{"line":11,"column":16},"end":{"line":15,"column":3}},"line":11},"1":{"name":"(anonymous_1)","decl":{"start":{"line":21,"column":2},"end":{"line":21,"column":3}},"loc":{"start":{"line":21,"column":21},"end":{"line":45,"column":3}},"line":21},"2":{"name":"(anonymous_2)","decl":{"start":{"line":33,"column":30},"end":{"line":33,"column":31}},"loc":{"start":{"line":33,"column":39},"end":{"line":33,"column":80}},"line":33},"3":{"name":"(anonymous_3)","decl":{"start":{"line":34,"column":34},"end":{"line":34,"column":35}},"loc":{"start":{"line":34,"column":43},"end":{"line":34,"column":88}},"line":34},"4":{"name":"(anonymous_4)","decl":{"start":{"line":53,"column":2},"end":{"line":53,"column":3}},"loc":{"start":{"line":53,"column":53},"end":{"line":76,"column":3}},"line":53},"5":{"name":"(anonymous_5)","decl":{"start":{"line":85,"column":2},"end":{"line":85,"column":3}},"loc":{"start":{"line":85,"column":69},"end":{"line":97,"column":3}},"line":85},"6":{"name":"(anonymous_6)","decl":{"start":{"line":104,"column":2},"end":{"line":104,"column":3}},"loc":{"start":{"line":104,"column":35},"end":{"line":110,"column":3}},"line":104},"7":{"name":"(anonymous_7)","decl":{"start":{"line":117,"column":2},"end":{"line":117,"column":3}},"loc":{"start":{"line":117,"column":30},"end":{"line":123,"column":3}},"line":117},"8":{"name":"(anonymous_8)","decl":{"start":{"line":132,"column":2},"end":{"line":132,"column":3}},"loc":{"start":{"line":132,"column":60},"end":{"line":150,"column":3}},"line":132},"9":{"name":"(anonymous_9)","decl":{"start":{"line":159,"column":2},"end":{"line":159,"column":3}},"loc":{"start":{"line":159,"column":74},"end":{"line":182,"column":3}},"line":159},"10":{"name":"(anonymous_10)","decl":{"start":{"line":190,"column":2},"end":{"line":190,"column":3}},"loc":{"start":{"line":190,"column":51},"end":{"line":211,"column":3}},"line":190},"11":{"name":"(anonymous_11)","decl":{"start":{"line":199,"column":8},"end":{"line":199,"column":9}},"loc":{"start":{"line":199,"column":21},"end":{"line":206,"column":9}},"line":199},"12":{"name":"(anonymous_12)","decl":{"start":{"line":218,"column":2},"end":{"line":218,"column":3}},"loc":{"start":{"line":218,"column":37},"end":{"line":255,"column":3}},"line":218},"13":{"name":"(anonymous_13)","decl":{"start":{"line":262,"column":2},"end":{"line":262,"column":3}},"loc":{"start":{"line":262,"column":31},"end":{"line":269,"column":3}},"line":262},"14":{"name":"(anonymous_14)","decl":{"start":{"line":275,"column":2},"end":{"line":275,"column":3}},"loc":{"start":{"line":275,"column":34},"end":{"line":284,"column":3}},"line":275}},"branchMap":{"0":{"loc":{"start":{"line":25,"column":16},"end":{"line":25,"column":53}},"type":"binary-expr","locations":[{"start":{"line":25,"column":16},"end":{"line":25,"column":38}},{"start":{"line":25,"column":42},"end":{"line":25,"column":53}}],"line":25},"1":{"loc":{"start":{"line":26,"column":16},"end":{"line":26,"column":56}},"type":"binary-expr","locations":[{"start":{"line":26,"column":16},"end":{"line":26,"column":48}},{"start":{"line":26,"column":52},"end":{"line":26,"column":56}}],"line":26},"2":{"loc":{"start":{"line":28,"column":18},"end":{"line":28,"column":57}},"type":"binary-expr","locations":[{"start":{"line":28,"column":18},"end":{"line":28,"column":44}},{"start":{"line":28,"column":48},"end":{"line":28,"column":57}}],"line":28},"3":{"loc":{"start":{"line":64,"column":4},"end":{"line":73,"column":5}},"type":"if","locations":[{"start":{"line":64,"column":4},"end":{"line":73,"column":5}},{"start":{},"end":{}}],"line":64},"4":{"loc":{"start":{"line":64,"column":8},"end":{"line":64,"column":39}},"type":"binary-expr","locations":[{"start":{"line":64,"column":8},"end":{"line":64,"column":24}},{"start":{"line":64,"column":28},"end":{"line":64,"column":39}}],"line":64},"5":{"loc":{"start":{"line":85,"column":37},"end":{"line":85,"column":55}},"type":"default-arg","locations":[{"start":{"line":85,"column":50},"end":{"line":85,"column":55}}],"line":85},"6":{"loc":{"start":{"line":85,"column":57},"end":{"line":85,"column":67}},"type":"default-arg","locations":[{"start":{"line":85,"column":65},"end":{"line":85,"column":67}}],"line":85},"7":{"loc":{"start":{"line":89,"column":4},"end":{"line":91,"column":5}},"type":"if","locations":[{"start":{"line":89,"column":4},"end":{"line":91,"column":5}},{"start":{},"end":{}}],"line":89},"8":{"loc":{"start":{"line":133,"column":4},"end":{"line":136,"column":5}},"type":"if","locations":[{"start":{"line":133,"column":4},"end":{"line":136,"column":5}},{"start":{},"end":{}}],"line":133},"9":{"loc":{"start":{"line":133,"column":8},"end":{"line":133,"column":41}},"type":"binary-expr","locations":[{"start":{"line":133,"column":8},"end":{"line":133,"column":25}},{"start":{"line":133,"column":29},"end":{"line":133,"column":41}}],"line":133},"10":{"loc":{"start":{"line":160,"column":4},"end":{"line":163,"column":5}},"type":"if","locations":[{"start":{"line":160,"column":4},"end":{"line":163,"column":5}},{"start":{},"end":{}}],"line":160},"11":{"loc":{"start":{"line":160,"column":8},"end":{"line":160,"column":41}},"type":"binary-expr","locations":[{"start":{"line":160,"column":8},"end":{"line":160,"column":25}},{"start":{"line":160,"column":29},"end":{"line":160,"column":41}}],"line":160},"12":{"loc":{"start":{"line":191,"column":4},"end":{"line":194,"column":5}},"type":"if","locations":[{"start":{"line":191,"column":4},"end":{"line":194,"column":5}},{"start":{},"end":{}}],"line":191},"13":{"loc":{"start":{"line":191,"column":8},"end":{"line":191,"column":45}},"type":"binary-expr","locations":[{"start":{"line":191,"column":8},"end":{"line":191,"column":25}},{"start":{"line":191,"column":29},"end":{"line":191,"column":45}}],"line":191}},"s":{"0":2,"1":2,"2":2,"3":2,"4":2,"5":2,"6":0,"7":0,"8":0,"9":0,"10":0,"11":0,"12":0,"13":0,"14":0,"15":0,"16":0,"17":0,"18":0,"19":4,"20":4,"21":4,"22":1,"23":1,"24":0,"25":4,"26":2,"27":2,"28":2,"29":1,"30":2,"31":2,"32":2,"33":1,"34":1,"35":1,"36":1,"37":1,"38":1,"39":1,"40":0,"41":0,"42":0,"43":1,"44":1,"45":1,"46":0,"47":0,"48":0,"49":0,"50":1,"51":1,"52":1,"53":0,"54":0,"55":0,"56":0,"57":0,"58":0,"59":0,"60":2,"61":2,"62":2,"63":2,"64":2,"65":2,"66":2,"67":0,"68":2,"69":1,"70":1,"71":1,"72":1,"73":2},"f":{"0":2,"1":0,"2":0,"3":0,"4":4,"5":2,"6":1,"7":1,"8":1,"9":1,"10":1,"11":0,"12":2,"13":1,"14":1},"b":{"0":[0,0],"1":[0,0],"2":[0,0],"3":[1,3],"4":[4,1],"5":[1],"6":[2],"7":[1,1],"8":[1,0],"9":[1,0],"10":[1,0],"11":[1,0],"12":[1,0],"13":[1,0]},"_coverageSchema":"1a1c01bbd47fc00a2c39e90264f33305004495a9","hash":"aeb7c213835ae252694cbdd466ab2832123aa732"}
,"C:\\Event-Locator-App---Backend\\src\\services\\reviewService.js": {"path":"C:\\Event-Locator-App---Backend\\src\\services\\reviewService.js","statementMap":{"0":{"start":{"line":1,"column":15},"end":{"line":1,"column":48}},"1":{"start":{"line":2,"column":23},"end":{"line":2,"column":38}},"2":{"start":{"line":20,"column":4},"end":{"line":22,"column":5}},"3":{"start":{"line":21,"column":6},"end":{"line":21,"column":67}},"4":{"start":{"line":25,"column":18},"end":{"line":28,"column":5}},"5":{"start":{"line":30,"column":4},"end":{"line":32,"column":5}},"6":{"start":{"line":31,"column":6},"end":{"line":31,"column":41}},"7":{"start":{"line":35,"column":23},"end":{"line":38,"column":5}},"8":{"start":{"line":40,"column":4},"end":{"line":42,"column":5}},"9":{"start":{"line":41,"column":6},"end":{"line":41,"column":81}},"10":{"start":{"line":45,"column":27},"end":{"line":48,"column":5}},"11":{"start":{"line":50,"column":4},"end":{"line":59,"column":5}},"12":{"start":{"line":51,"column":22},"end":{"line":57,"column":7}},"13":{"start":{"line":58,"column":6},"end":{"line":58,"column":21}},"14":{"start":{"line":62,"column":19},"end":{"line":67,"column":5}},"15":{"start":{"line":69,"column":4},"end":{"line":69,"column":18}},"16":{"start":{"line":80,"column":20},"end":{"line":89,"column":5}},"17":{"start":{"line":91,"column":4},"end":{"line":91,"column":19}},"18":{"start":{"line":100,"column":18},"end":{"line":112,"column":5}},"19":{"start":{"line":114,"column":4},"end":{"line":124,"column":6}},"20":{"start":{"line":134,"column":19},"end":{"line":139,"column":5}},"21":{"start":{"line":141,"column":4},"end":{"line":141,"column":26}},"22":{"start":{"line":151,"column":19},"end":{"line":154,"column":5}},"23":{"start":{"line":156,"column":4},"end":{"line":158,"column":5}},"24":{"start":{"line":157,"column":6},"end":{"line":157,"column":42}},"25":{"start":{"line":160,"column":4},"end":{"line":162,"column":5}},"26":{"start":{"line":161,"column":6},"end":{"line":161,"column":69}},"27":{"start":{"line":164,"column":4},"end":{"line":167,"column":6}},"28":{"start":{"line":169,"column":4},"end":{"line":169,"column":16}},"29":{"start":{"line":178,"column":19},"end":{"line":190,"column":5}},"30":{"start":{"line":192,"column":4},"end":{"line":192,"column":18}},"31":{"start":{"line":196,"column":0},"end":{"line":196,"column":37}}},"fnMap":{"0":{"name":"(anonymous_0)","decl":{"start":{"line":18,"column":2},"end":{"line":18,"column":3}},"loc":{"start":{"line":18,"column":66},"end":{"line":70,"column":3}},"line":18},"1":{"name":"(anonymous_1)","decl":{"start":{"line":79,"column":2},"end":{"line":79,"column":3}},"loc":{"start":{"line":79,"column":57},"end":{"line":92,"column":3}},"line":79},"2":{"name":"(anonymous_2)","decl":{"start":{"line":99,"column":2},"end":{"line":99,"column":3}},"loc":{"start":{"line":99,"column":36},"end":{"line":125,"column":3}},"line":99},"3":{"name":"(anonymous_3)","decl":{"start":{"line":133,"column":2},"end":{"line":133,"column":3}},"loc":{"start":{"line":133,"column":39},"end":{"line":142,"column":3}},"line":133},"4":{"name":"(anonymous_4)","decl":{"start":{"line":150,"column":2},"end":{"line":150,"column":3}},"loc":{"start":{"line":150,"column":39},"end":{"line":170,"column":3}},"line":150},"5":{"name":"(anonymous_5)","decl":{"start":{"line":177,"column":2},"end":{"line":177,"column":3}},"loc":{"start":{"line":177,"column":38},"end":{"line":193,"column":3}},"line":177}},"branchMap":{"0":{"loc":{"start":{"line":20,"column":4},"end":{"line":22,"column":5}},"type":"if","locations":[{"start":{"line":20,"column":4},"end":{"line":22,"column":5}},{"start":{},"end":{}}],"line":20},"1":{"loc":{"start":{"line":20,"column":8},"end":{"line":20,"column":61}},"type":"binary-expr","locations":[{"start":{"line":20,"column":8},"end":{"line":20,"column":18}},{"start":{"line":20,"column":22},"end":{"line":20,"column":32}},{"start":{"line":20,"column":36},"end":{"line":20,"column":61}}],"line":20},"2":{"loc":{"start":{"line":30,"column":4},"end":{"line":32,"column":5}},"type":"if","locations":[{"start":{"line":30,"column":4},"end":{"line":32,"column":5}},{"start":{},"end":{}}],"line":30},"3":{"loc":{"start":{"line":40,"column":4},"end":{"line":42,"column":5}},"type":"if","locations":[{"start":{"line":40,"column":4},"end":{"line":42,"column":5}},{"start":{},"end":{}}],"line":40},"4":{"loc":{"start":{"line":50,"column":4},"end":{"line":59,"column":5}},"type":"if","locations":[{"start":{"line":50,"column":4},"end":{"line":59,"column":5}},{"start":{},"end":{}}],"line":50},"5":{"loc":{"start":{"line":79,"column":33},"end":{"line":79,"column":43}},"type":"default-arg","locations":[{"start":{"line":79,"column":41},"end":{"line":79,"column":43}}],"line":79},"6":{"loc":{"start":{"line":79,"column":45},"end":{"line":79,"column":55}},"type":"default-arg","locations":[{"start":{"line":79,"column":54},"end":{"line":79,"column":55}}],"line":79},"7":{"loc":{"start":{"line":116,"column":32},"end":{"line":116,"column":57}},"type":"binary-expr","locations":[{"start":{"line":116,"column":32},"end":{"line":116,"column":52}},{"start":{"line":116,"column":56},"end":{"line":116,"column":57}}],"line":116},"8":{"loc":{"start":{"line":141,"column":11},"end":{"line":141,"column":25}},"type":"binary-expr","locations":[{"start":{"line":141,"column":11},"end":{"line":141,"column":17}},{"start":{"line":141,"column":21},"end":{"line":141,"column":25}}],"line":141},"9":{"loc":{"start":{"line":156,"column":4},"end":{"line":158,"column":5}},"type":"if","locations":[{"start":{"line":156,"column":4},"end":{"line":158,"column":5}},{"start":{},"end":{}}],"line":156},"10":{"loc":{"start":{"line":160,"column":4},"end":{"line":162,"column":5}},"type":"if","locations":[{"start":{"line":160,"column":4},"end":{"line":162,"column":5}},{"start":{},"end":{}}],"line":160},"11":{"loc":{"start":{"line":177,"column":26},"end":{"line":177,"column":36}},"type":"default-arg","locations":[{"start":{"line":177,"column":34},"end":{"line":177,"column":36}}],"line":177}},"s":{"0":2,"1":2,"2":4,"3":1,"4":3,"5":3,"6":0,"7":3,"8":3,"9":1,"10":2,"11":2,"12":1,"13":1,"14":1,"15":1,"16":1,"17":1,"18":1,"19":1,"20":0,"21":0,"22":2,"23":2,"24":0,"25":2,"26":1,"27":1,"28":1,"29":1,"30":1,"31":2},"f":{"0":4,"1":1,"2":1,"3":0,"4":2,"5":1},"b":{"0":[1,3],"1":[4,4,3],"2":[0,3],"3":[1,2],"4":[1,1],"5":[1],"6":[1],"7":[1,0],"8":[0,0],"9":[0,2],"10":[1,1],"11":[0]},"_coverageSchema":"1a1c01bbd47fc00a2c39e90264f33305004495a9","hash":"987fb2f8339370df74b67203a0924fd7aa3fe0ec"}
,"C:\\Event-Locator-App---Backend\\src\\services\\userService.js": {"path":"C:\\Event-Locator-App---Backend\\src\\services\\userService.js","statementMap":{"0":{"start":{"line":1,"column":15},"end":{"line":1,"column":48}},"1":{"start":{"line":2,"column":23},"end":{"line":2,"column":38}},"2":{"start":{"line":16,"column":24},"end":{"line":20,"column":5}},"3":{"start":{"line":22,"column":4},"end":{"line":24,"column":5}},"4":{"start":{"line":23,"column":6},"end":{"line":23,"column":52}},"5":{"start":{"line":27,"column":23},"end":{"line":32,"column":5}},"6":{"start":{"line":34,"column":4},"end":{"line":34,"column":49}},"7":{"start":{"line":35,"column":4},"end":{"line":35,"column":23}},"8":{"start":{"line":46,"column":21},"end":{"line":54,"column":5}},"9":{"start":{"line":55,"column":25},"end":{"line":55,"column":27}},"10":{"start":{"line":56,"column":19},"end":{"line":56,"column":27}},"11":{"start":{"line":58,"column":4},"end":{"line":64,"column":5}},"12":{"start":{"line":59,"column":22},"end":{"line":59,"column":35}},"13":{"start":{"line":60,"column":6},"end":{"line":63,"column":7}},"14":{"start":{"line":61,"column":8},"end":{"line":61,"column":64}},"15":{"start":{"line":62,"column":8},"end":{"line":62,"column":27}},"16":{"start":{"line":66,"column":4},"end":{"line":68,"column":5}},"17":{"start":{"line":67,"column":6},"end":{"line":67,"column":51}},"18":{"start":{"line":70,"column":20},"end":{"line":75,"column":5}},"19":{"start":{"line":77,"column":4},"end":{"line":77,"column":19}},"20":{"start":{"line":88,"column":18},"end":{"line":91,"column":5}},"21":{"start":{"line":93,"column":4},"end":{"line":95,"column":5}},"22":{"start":{"line":94,"column":6},"end":{"line":94,"column":41}},"23":{"start":{"line":97,"column":4},"end":{"line":108,"column":5}},"24":{"start":{"line":98,"column":6},"end":{"line":101,"column":8}},"25":{"start":{"line":102,"column":6},"end":{"line":102,"column":18}},"26":{"start":{"line":104,"column":6},"end":{"line":106,"column":7}},"27":{"start":{"line":105,"column":8},"end":{"line":105,"column":54}},"28":{"start":{"line":107,"column":6},"end":{"line":107,"column":18}},"29":{"start":{"line":118,"column":19},"end":{"line":121,"column":5}},"30":{"start":{"line":123,"column":4},"end":{"line":125,"column":5}},"31":{"start":{"line":124,"column":6},"end":{"line":124,"column":50}},"32":{"start":{"line":127,"column":4},"end":{"line":127,"column":16}},"33":{"start":{"line":136,"column":19},"end":{"line":146,"column":5}},"34":{"start":{"line":148,"column":4},"end":{"line":148,"column":18}},"35":{"start":{"line":159,"column":4},"end":{"line":162,"column":6}},"36":{"start":{"line":165,"column":4},"end":{"line":170,"column":5}},"37":{"start":{"line":166,"column":6},"end":{"line":169,"column":8}},"38":{"start":{"line":173,"column":23},"end":{"line":177,"column":5}},"39":{"start":{"line":179,"column":4},"end":{"line":179,"column":22}},"40":{"start":{"line":189,"column":19},"end":{"line":192,"column":5}},"41":{"start":{"line":194,"column":4},"end":{"line":194,"column":20}},"42":{"start":{"line":203,"column":19},"end":{"line":211,"column":5}},"43":{"start":{"line":213,"column":4},"end":{"line":213,"column":18}},"44":{"start":{"line":224,"column":18},"end":{"line":228,"column":5}},"45":{"start":{"line":230,"column":4},"end":{"line":232,"column":5}},"46":{"start":{"line":231,"column":6},"end":{"line":231,"column":41}},"47":{"start":{"line":234,"column":4},"end":{"line":236,"column":5}},"48":{"start":{"line":235,"column":6},"end":{"line":235,"column":51}},"49":{"start":{"line":238,"column":4},"end":{"line":256,"column":5}},"50":{"start":{"line":239,"column":6},"end":{"line":242,"column":8}},"51":{"start":{"line":245,"column":6},"end":{"line":248,"column":8}},"52":{"start":{"line":250,"column":6},"end":{"line":250,"column":18}},"53":{"start":{"line":252,"column":6},"end":{"line":254,"column":7}},"54":{"start":{"line":253,"column":8},"end":{"line":253,"column":61}},"55":{"start":{"line":255,"column":6},"end":{"line":255,"column":18}},"56":{"start":{"line":266,"column":19},"end":{"line":269,"column":5}},"57":{"start":{"line":271,"column":4},"end":{"line":273,"column":5}},"58":{"start":{"line":272,"column":6},"end":{"line":272,"column":48}},"59":{"start":{"line":276,"column":4},"end":{"line":279,"column":6}},"60":{"start":{"line":281,"column":4},"end":{"line":281,"column":16}},"61":{"start":{"line":285,"column":0},"end":{"line":285,"column":35}}},"fnMap":{"0":{"name":"(anonymous_0)","decl":{"start":{"line":15,"column":2},"end":{"line":15,"column":3}},"loc":{"start":{"line":15,"column":35},"end":{"line":36,"column":3}},"line":15},"1":{"name":"(anonymous_1)","decl":{"start":{"line":44,"column":2},"end":{"line":44,"column":3}},"loc":{"start":{"line":44,"column":47},"end":{"line":78,"column":3}},"line":44},"2":{"name":"(anonymous_2)","decl":{"start":{"line":86,"column":2},"end":{"line":86,"column":3}},"loc":{"start":{"line":86,"column":40},"end":{"line":109,"column":3}},"line":86},"3":{"name":"(anonymous_3)","decl":{"start":{"line":117,"column":2},"end":{"line":117,"column":3}},"loc":{"start":{"line":117,"column":45},"end":{"line":128,"column":3}},"line":117},"4":{"name":"(anonymous_4)","decl":{"start":{"line":135,"column":2},"end":{"line":135,"column":3}},"loc":{"start":{"line":135,"column":34},"end":{"line":149,"column":3}},"line":135},"5":{"name":"(anonymous_5)","decl":{"start":{"line":157,"column":2},"end":{"line":157,"column":3}},"loc":{"start":{"line":157,"column":52},"end":{"line":180,"column":3}},"line":157},"6":{"name":"(anonymous_6)","decl":{"start":{"line":188,"column":2},"end":{"line":188,"column":3}},"loc":{"start":{"line":188,"column":36},"end":{"line":195,"column":3}},"line":188},"7":{"name":"(anonymous_7)","decl":{"start":{"line":202,"column":2},"end":{"line":202,"column":3}},"loc":{"start":{"line":202,"column":39},"end":{"line":214,"column":3}},"line":202},"8":{"name":"(anonymous_8)","decl":{"start":{"line":222,"column":2},"end":{"line":222,"column":3}},"loc":{"start":{"line":222,"column":42},"end":{"line":257,"column":3}},"line":222},"9":{"name":"(anonymous_9)","decl":{"start":{"line":265,"column":2},"end":{"line":265,"column":3}},"loc":{"start":{"line":265,"column":45},"end":{"line":282,"column":3}},"line":265}},"branchMap":{"0":{"loc":{"start":{"line":22,"column":4},"end":{"line":24,"column":5}},"type":"if","locations":[{"start":{"line":22,"column":4},"end":{"line":24,"column":5}},{"start":{},"end":{}}],"line":22},"1":{"loc":{"start":{"line":60,"column":6},"end":{"line":63,"column":7}},"type":"if","locations":[{"start":{"line":60,"column":6},"end":{"line":63,"column":7}},{"start":{},"end":{}}],"line":60},"2":{"loc":{"start":{"line":66,"column":4},"end":{"line":68,"column":5}},"type":"if","locations":[{"start":{"line":66,"column":4},"end":{"line":68,"column":5}},{"start":{},"end":{}}],"line":66},"3":{"loc":{"start":{"line":93,"column":4},"end":{"line":95,"column":5}},"type":"if","locations":[{"start":{"line":93,"column":4},"end":{"line":95,"column":5}},{"start":{},"end":{}}],"line":93},"4":{"loc":{"start":{"line":104,"column":6},"end":{"line":106,"column":7}},"type":"if","locations":[{"start":{"line":104,"column":6},"end":{"line":106,"column":7}},{"start":{},"end":{}}],"line":104},"5":{"loc":{"start":{"line":123,"column":4},"end":{"line":125,"column":5}},"type":"if","locations":[{"start":{"line":123,"column":4},"end":{"line":125,"column":5}},{"start":{},"end":{}}],"line":123},"6":{"loc":{"start":{"line":230,"column":4},"end":{"line":232,"column":5}},"type":"if","locations":[{"start":{"line":230,"column":4},"end":{"line":232,"column":5}},{"start":{},"end":{}}],"line":230},"7":{"loc":{"start":{"line":234,"column":4},"end":{"line":236,"column":5}},"type":"if","locations":[{"start":{"line":234,"column":4},"end":{"line":236,"column":5}},{"start":{},"end":{}}],"line":234},"8":{"loc":{"start":{"line":234,"column":8},"end":{"line":234,"column":77}},"type":"binary-expr","locations":[{"start":{"line":234,"column":8},"end":{"line":234,"column":27}},{"start":{"line":234,"column":31},"end":{"line":234,"column":77}}],"line":234},"9":{"loc":{"start":{"line":252,"column":6},"end":{"line":254,"column":7}},"type":"if","locations":[{"start":{"line":252,"column":6},"end":{"line":254,"column":7}},{"start":{},"end":{}}],"line":252},"10":{"loc":{"start":{"line":271,"column":4},"end":{"line":273,"column":5}},"type":"if","locations":[{"start":{"line":271,"column":4},"end":{"line":273,"column":5}},{"start":{},"end":{}}],"line":271}},"s":{"0":2,"1":2,"2":2,"3":2,"4":1,"5":1,"6":1,"7":1,"8":2,"9":2,"10":2,"11":2,"12":3,"13":3,"14":2,"15":2,"16":2,"17":1,"18":1,"19":1,"20":3,"21":3,"22":1,"23":2,"24":2,"25":1,"26":1,"27":1,"28":0,"29":2,"30":2,"31":1,"32":1,"33":1,"34":1,"35":1,"36":1,"37":2,"38":1,"39":1,"40":2,"41":2,"42":1,"43":1,"44":4,"45":4,"46":1,"47":3,"48":1,"49":2,"50":2,"51":1,"52":1,"53":1,"54":1,"55":0,"56":2,"57":2,"58":1,"59":1,"60":1,"61":2},"f":{"0":2,"1":2,"2":3,"3":2,"4":1,"5":1,"6":2,"7":1,"8":4,"9":2},"b":{"0":[1,1],"1":[2,1],"2":[1,1],"3":[1,2],"4":[1,0],"5":[1,1],"6":[1,3],"7":[1,2],"8":[3,3],"9":[1,0],"10":[1,1]},"_coverageSchema":"1a1c01bbd47fc00a2c39e90264f33305004495a9","hash":"9491d09c88a770a7aae40ab150e5b3fcafccc555"}
,"C:\\Event-Locator-App---Backend\\src\\utils\\constants.js": {"path":"C:\\Event-Locator-App---Backend\\src\\utils\\constants.js","statementMap":{"0":{"start":{"line":6,"column":28},"end":{"line":6,"column":52}},"1":{"start":{"line":8,"column":27},"end":{"line":12,"column":1}},"2":{"start":{"line":14,"column":21},"end":{"line":19,"column":1}},"3":{"start":{"line":21,"column":26},"end":{"line":26,"column":1}},"4":{"start":{"line":28,"column":27},"end":{"line":34,"column":1}},"5":{"start":{"line":36,"column":26},"end":{"line":45,"column":1}},"6":{"start":{"line":47,"column":19},"end":{"line":50,"column":1}},"7":{"start":{"line":52,"column":29},"end":{"line":52,"column":31}},"8":{"start":{"line":54,"column":33},"end":{"line":54,"column":35}},"9":{"start":{"line":55,"column":29},"end":{"line":55,"column":31}},"10":{"start":{"line":57,"column":32},"end":{"line":61,"column":1}},"11":{"start":{"line":63,"column":0},"end":{"line":75,"column":2}}},"fnMap":{},"branchMap":{},"s":{"0":1,"1":1,"2":1,"3":1,"4":1,"5":1,"6":1,"7":1,"8":1,"9":1,"10":1,"11":1},"f":{},"b":{},"_coverageSchema":"1a1c01bbd47fc00a2c39e90264f33305004495a9","hash":"258c9d5a75a97e26473f5c786fd495a18db9299b"}
,"C:\\Event-Locator-App---Backend\\src\\utils\\errors.js": {"path":"C:\\Event-Locator-App---Backend\\src\\utils\\errors.js","statementMap":{"0":{"start":{"line":8,"column":4},"end":{"line":8,"column":19}},"1":{"start":{"line":9,"column":4},"end":{"line":9,"column":33}},"2":{"start":{"line":10,"column":4},"end":{"line":10,"column":32}},"3":{"start":{"line":16,"column":4},"end":{"line":16,"column":24}},"4":{"start":{"line":17,"column":4},"end":{"line":17,"column":27}},"5":{"start":{"line":23,"column":4},"end":{"line":23,"column":24}},"6":{"start":{"line":29,"column":4},"end":{"line":29,"column":24}},"7":{"start":{"line":35,"column":4},"end":{"line":35,"column":24}},"8":{"start":{"line":41,"column":4},"end":{"line":41,"column":24}},"9":{"start":{"line":47,"column":4},"end":{"line":47,"column":24}},"10":{"start":{"line":51,"column":0},"end":{"line":59,"column":2}}},"fnMap":{"0":{"name":"(anonymous_0)","decl":{"start":{"line":7,"column":2},"end":{"line":7,"column":3}},"loc":{"start":{"line":7,"column":41},"end":{"line":11,"column":3}},"line":7},"1":{"name":"(anonymous_1)","decl":{"start":{"line":15,"column":2},"end":{"line":15,"column":3}},"loc":{"start":{"line":15,"column":61},"end":{"line":18,"column":3}},"line":15},"2":{"name":"(anonymous_2)","decl":{"start":{"line":22,"column":2},"end":{"line":22,"column":3}},"loc":{"start":{"line":22,"column":46},"end":{"line":24,"column":3}},"line":22},"3":{"name":"(anonymous_3)","decl":{"start":{"line":28,"column":2},"end":{"line":28,"column":3}},"loc":{"start":{"line":28,"column":40},"end":{"line":30,"column":3}},"line":28},"4":{"name":"(anonymous_4)","decl":{"start":{"line":34,"column":2},"end":{"line":34,"column":3}},"loc":{"start":{"line":34,"column":37},"end":{"line":36,"column":3}},"line":34},"5":{"name":"(anonymous_5)","decl":{"start":{"line":40,"column":2},"end":{"line":40,"column":3}},"loc":{"start":{"line":40,"column":36},"end":{"line":42,"column":3}},"line":40},"6":{"name":"(anonymous_6)","decl":{"start":{"line":46,"column":2},"end":{"line":46,"column":3}},"loc":{"start":{"line":46,"column":49},"end":{"line":48,"column":3}},"line":46}},"branchMap":{"0":{"loc":{"start":{"line":7,"column":23},"end":{"line":7,"column":39}},"type":"default-arg","locations":[{"start":{"line":7,"column":36},"end":{"line":7,"column":39}}],"line":7},"1":{"loc":{"start":{"line":15,"column":14},"end":{"line":15,"column":43}},"type":"default-arg","locations":[{"start":{"line":15,"column":24},"end":{"line":15,"column":43}}],"line":15},"2":{"loc":{"start":{"line":15,"column":45},"end":{"line":15,"column":59}},"type":"default-arg","locations":[{"start":{"line":15,"column":55},"end":{"line":15,"column":59}}],"line":15},"3":{"loc":{"start":{"line":22,"column":14},"end":{"line":22,"column":44}},"type":"default-arg","locations":[{"start":{"line":22,"column":24},"end":{"line":22,"column":44}}],"line":22},"4":{"loc":{"start":{"line":28,"column":14},"end":{"line":28,"column":38}},"type":"default-arg","locations":[{"start":{"line":28,"column":24},"end":{"line":28,"column":38}}],"line":28},"5":{"loc":{"start":{"line":34,"column":14},"end":{"line":34,"column":35}},"type":"default-arg","locations":[{"start":{"line":34,"column":24},"end":{"line":34,"column":35}}],"line":34},"6":{"loc":{"start":{"line":40,"column":14},"end":{"line":40,"column":34}},"type":"default-arg","locations":[{"start":{"line":40,"column":24},"end":{"line":40,"column":34}}],"line":40},"7":{"loc":{"start":{"line":46,"column":14},"end":{"line":46,"column":47}},"type":"default-arg","locations":[{"start":{"line":46,"column":24},"end":{"line":46,"column":47}}],"line":46}},"s":{"0":6,"1":6,"2":6,"3":1,"4":1,"5":1,"6":1,"7":1,"8":1,"9":0,"10":1},"f":{"0":6,"1":1,"2":1,"3":1,"4":1,"5":1,"6":0},"b":{"0":[0],"1":[0],"2":[1],"3":[1],"4":[1],"5":[1],"6":[1],"7":[0]},"_coverageSchema":"1a1c01bbd47fc00a2c39e90264f33305004495a9","hash":"851efd614af5789e6edac270e0e563c80f2ca384"}
,"C:\\Event-Locator-App---Backend\\src\\utils\\geoUtils.js": {"path":"C:\\Event-Locator-App---Backend\\src\\utils\\geoUtils.js","statementMap":{"0":{"start":{"line":11,"column":12},"end":{"line":11,"column":16}},"1":{"start":{"line":12,"column":15},"end":{"line":12,"column":46}},"2":{"start":{"line":13,"column":15},"end":{"line":13,"column":46}},"3":{"start":{"line":16,"column":4},"end":{"line":20,"column":24}},"4":{"start":{"line":22,"column":12},"end":{"line":22,"column":58}},"5":{"start":{"line":23,"column":2},"end":{"line":23,"column":15}},"6":{"start":{"line":30,"column":2},"end":{"line":30,"column":67}},"7":{"start":{"line":37,"column":2},"end":{"line":37,"column":69}},"8":{"start":{"line":44,"column":2},"end":{"line":44,"column":55}},"9":{"start":{"line":52,"column":20},"end":{"line":52,"column":34}},"10":{"start":{"line":53,"column":20},"end":{"line":53,"column":70}},"11":{"start":{"line":55,"column":2},"end":{"line":60,"column":4}},"12":{"start":{"line":63,"column":0},"end":{"line":69,"column":2}}},"fnMap":{"0":{"name":"calculateDistance","decl":{"start":{"line":10,"column":9},"end":{"line":10,"column":26}},"loc":{"start":{"line":10,"column":51},"end":{"line":24,"column":1}},"line":10},"1":{"name":"isValidLatitude","decl":{"start":{"line":29,"column":9},"end":{"line":29,"column":24}},"loc":{"start":{"line":29,"column":30},"end":{"line":31,"column":1}},"line":29},"2":{"name":"isValidLongitude","decl":{"start":{"line":36,"column":9},"end":{"line":36,"column":25}},"loc":{"start":{"line":36,"column":31},"end":{"line":38,"column":1}},"line":36},"3":{"name":"isValidCoordinates","decl":{"start":{"line":43,"column":9},"end":{"line":43,"column":27}},"loc":{"start":{"line":43,"column":38},"end":{"line":45,"column":1}},"line":43},"4":{"name":"getSearchBounds","decl":{"start":{"line":51,"column":9},"end":{"line":51,"column":24}},"loc":{"start":{"line":51,"column":45},"end":{"line":61,"column":1}},"line":51}},"branchMap":{"0":{"loc":{"start":{"line":30,"column":9},"end":{"line":30,"column":66}},"type":"binary-expr","locations":[{"start":{"line":30,"column":9},"end":{"line":30,"column":12}},{"start":{"line":30,"column":16},"end":{"line":30,"column":39}},{"start":{"line":30,"column":43},"end":{"line":30,"column":53}},{"start":{"line":30,"column":57},"end":{"line":30,"column":66}}],"line":30},"1":{"loc":{"start":{"line":37,"column":9},"end":{"line":37,"column":68}},"type":"binary-expr","locations":[{"start":{"line":37,"column":9},"end":{"line":37,"column":12}},{"start":{"line":37,"column":16},"end":{"line":37,"column":39}},{"start":{"line":37,"column":43},"end":{"line":37,"column":54}},{"start":{"line":37,"column":58},"end":{"line":37,"column":68}}],"line":37},"2":{"loc":{"start":{"line":44,"column":9},"end":{"line":44,"column":54}},"type":"binary-expr","locations":[{"start":{"line":44,"column":9},"end":{"line":44,"column":29}},{"start":{"line":44,"column":33},"end":{"line":44,"column":54}}],"line":44}},"s":{"0":2,"1":2,"2":2,"3":2,"4":2,"5":2,"6":9,"7":7,"8":3,"9":1,"10":1,"11":1,"12":1},"f":{"0":2,"1":9,"2":7,"3":3,"4":1},"b":{"0":[9,8,8,7],"1":[7,6,6,6],"2":[3,2]},"_coverageSchema":"1a1c01bbd47fc00a2c39e90264f33305004495a9","hash":"bc8cd6015a266820a3d0c13aa00f83a337c8f76b"}
,"C:\\Event-Locator-App---Backend\\src\\utils\\responseFormatter.js": {"path":"C:\\Event-Locator-App---Backend\\src\\utils\\responseFormatter.js","statementMap":{"0":{"start":{"line":11,"column":4},"end":{"line":17,"column":6}},"1":{"start":{"line":24,"column":4},"end":{"line":30,"column":6}},"2":{"start":{"line":37,"column":4},"end":{"line":47,"column":6}},"3":{"start":{"line":51,"column":0},"end":{"line":51,"column":35}}},"fnMap":{"0":{"name":"(anonymous_0)","decl":{"start":{"line":10,"column":2},"end":{"line":10,"column":3}},"loc":{"start":{"line":10,"column":62},"end":{"line":18,"column":3}},"line":10},"1":{"name":"(anonymous_1)","decl":{"start":{"line":23,"column":2},"end":{"line":23,"column":3}},"loc":{"start":{"line":23,"column":67},"end":{"line":31,"column":3}},"line":23},"2":{"name":"(anonymous_2)","decl":{"start":{"line":36,"column":2},"end":{"line":36,"column":3}},"loc":{"start":{"line":36,"column":45},"end":{"line":48,"column":3}},"line":36}},"branchMap":{"0":{"loc":{"start":{"line":10,"column":23},"end":{"line":10,"column":42}},"type":"default-arg","locations":[{"start":{"line":10,"column":33},"end":{"line":10,"column":42}}],"line":10},"1":{"loc":{"start":{"line":10,"column":44},"end":{"line":10,"column":60}},"type":"default-arg","locations":[{"start":{"line":10,"column":57},"end":{"line":10,"column":60}}],"line":10},"2":{"loc":{"start":{"line":23,"column":15},"end":{"line":23,"column":32}},"type":"default-arg","locations":[{"start":{"line":23,"column":25},"end":{"line":23,"column":32}}],"line":23},"3":{"loc":{"start":{"line":23,"column":34},"end":{"line":23,"column":50}},"type":"default-arg","locations":[{"start":{"line":23,"column":47},"end":{"line":23,"column":50}}],"line":23},"4":{"loc":{"start":{"line":23,"column":52},"end":{"line":23,"column":65}},"type":"default-arg","locations":[{"start":{"line":23,"column":61},"end":{"line":23,"column":65}}],"line":23}},"s":{"0":1,"1":1,"2":1,"3":1},"f":{"0":1,"1":1,"2":1},"b":{"0":[0],"1":[0],"2":[0],"3":[0],"4":[1]},"_coverageSchema":"1a1c01bbd47fc00a2c39e90264f33305004495a9","hash":"1b228a504236675f74b4e275c664d156493f5aa1"}
,"C:\\Event-Locator-App---Backend\\src\\utils\\validationRules.js": {"path":"C:\\Event-Locator-App---Backend\\src\\utils\\validationRules.js","statementMap":{"0":{"start":{"line":6,"column":31},"end":{"line":6,"column":59}},"1":{"start":{"line":8,"column":24},"end":{"line":55,"column":1}},"2":{"start":{"line":57,"column":0},"end":{"line":57,"column":33}}},"fnMap":{},"branchMap":{},"s":{"0":0,"1":0,"2":0},"f":{},"b":{}}
}
