TN:
SF:src\middleware\authMiddleware.js
FN:12,authenticateToken
FN:24,(anonymous_1)
FNF:2
FNH:2
FNDA:5,authenticateToken
FNDA:3,(anonymous_1)
DA:6,1
DA:7,1
DA:13,5
DA:14,5
DA:15,5
DA:17,5
DA:18,2
DA:24,3
DA:25,3
DA:26,0
DA:27,0
DA:32,3
DA:33,3
DA:34,3
DA:37,0
DA:38,0
DA:45,1
LF:17
LH:13
BRDA:15,0,0,5
BRDA:15,0,1,3
BRDA:17,1,0,2
BRDA:17,1,1,3
BRDA:20,2,0,2
BRDA:20,2,1,0
BRDA:25,3,0,0
BRDA:25,3,1,3
BRDA:29,4,0,0
BRDA:29,4,1,0
BRDA:40,5,0,0
BRDA:40,5,1,0
BRF:12
BRH:6
end_of_record
TN:
SF:src\middleware\errorHandler.js
FN:6,globalErrorHandler
FN:27,notFoundHandler
FNF:2
FNH:0
FNDA:0,globalErrorHandler
FNDA:0,notFoundHandler
DA:1,0
DA:7,0
DA:14,0
DA:15,0
DA:17,0
DA:28,0
DA:34,0
LF:7
LH:0
BRDA:14,0,0,0
BRDA:14,0,1,0
BRDA:15,1,0,0
BRDA:15,1,1,0
BRDA:20,2,0,0
BRDA:20,2,1,0
BRDA:30,3,0,0
BRDA:30,3,1,0
BRF:8
BRH:0
end_of_record
TN:
SF:src\middleware\errorMiddleware.js
FN:11,globalErrorHandler
FN:33,notFoundHandler
FNF:2
FNH:0
FNDA:0,globalErrorHandler
FNDA:0,notFoundHandler
DA:6,0
DA:12,0
DA:20,0
DA:21,0
DA:23,0
DA:34,0
DA:40,0
LF:7
LH:0
BRDA:20,0,0,0
BRDA:20,0,1,0
BRDA:21,1,0,0
BRDA:21,1,1,0
BRDA:26,2,0,0
BRDA:26,2,1,0
BRDA:36,3,0,0
BRDA:36,3,1,0
BRF:8
BRH:0
end_of_record
TN:
SF:src\middleware\validationMiddleware.js
FN:11,handleValidationErrors
FNF:1
FNH:1
FNDA:10,handleValidationErrors
DA:6,1
DA:12,10
DA:13,10
DA:14,3
DA:20,7
DA:23,1
LF:6
LH:6
BRDA:13,0,0,3
BRDA:13,0,1,7
BRF:2
BRH:2
end_of_record
TN:
SF:src\services\authService.js
FN:16,(anonymous_0)
FN:65,(anonymous_1)
FN:104,(anonymous_2)
FN:113,(anonymous_3)
FN:124,(anonymous_4)
FN:143,(anonymous_5)
FN:184,(anonymous_6)
FN:202,(anonymous_7)
FNF:8
FNH:5
FNDA:2,(anonymous_0)
FNDA:3,(anonymous_1)
FNDA:3,(anonymous_2)
FNDA:2,(anonymous_3)
FNDA:0,(anonymous_4)
FNDA:0,(anonymous_5)
FNDA:0,(anonymous_6)
FNDA:2,(anonymous_7)
DA:6,2
DA:7,2
DA:8,2
DA:9,2
DA:10,2
DA:17,2
DA:20,2
DA:25,2
DA:26,1
DA:30,1
DA:31,1
DA:33,1
DA:41,1
DA:46,1
DA:48,1
DA:50,1
DA:66,3
DA:72,3
DA:73,1
DA:76,2
DA:77,1
DA:80,1
DA:81,1
DA:82,0
DA:85,1
DA:87,1
DA:89,1
DA:105,3
DA:114,2
DA:115,2
DA:117,1
DA:125,0
DA:133,0
DA:134,0
DA:137,0
DA:144,0
DA:150,0
DA:151,0
DA:152,0
DA:154,0
DA:155,0
DA:156,0
DA:157,0
DA:158,0
DA:162,0
DA:163,0
DA:166,0
DA:167,0
DA:169,0
DA:176,0
DA:178,0
DA:185,0
DA:194,0
DA:196,0
DA:203,2
DA:208,2
DA:209,0
DA:212,2
DA:213,2
DA:214,1
DA:217,1
DA:219,1
DA:224,1
DA:226,1
DA:230,2
LF:65
LH:40
BRDA:25,0,0,1
BRDA:25,0,1,1
BRDA:72,1,0,1
BRDA:72,1,1,2
BRDA:76,2,0,1
BRDA:76,2,1,1
BRDA:81,3,0,0
BRDA:81,3,1,1
BRDA:133,4,0,0
BRDA:133,4,1,0
BRDA:155,5,0,0
BRDA:155,5,1,0
BRDA:155,6,0,0
BRDA:155,6,1,0
BRDA:162,7,0,0
BRDA:162,7,1,0
BRDA:208,8,0,0
BRDA:208,8,1,2
BRDA:213,9,0,1
BRDA:213,9,1,1
BRF:20
BRH:10
end_of_record
TN:
SF:src\services\eventService.js
FN:16,(anonymous_0)
FN:71,(anonymous_1)
FN:117,(anonymous_2)
FN:168,(anonymous_3)
FN:208,(anonymous_4)
FN:254,(anonymous_5)
FN:281,(anonymous_6)
FNF:7
FNH:5
FNDA:2,(anonymous_0)
FNDA:2,(anonymous_1)
FNDA:1,(anonymous_2)
FNDA:0,(anonymous_3)
FNDA:2,(anonymous_4)
FNDA:2,(anonymous_5)
FNDA:0,(anonymous_6)
DA:1,2
DA:2,2
DA:29,2
DA:32,2
DA:33,1
DA:36,1
DA:39,1
DA:48,1
DA:49,1
DA:50,2
DA:58,1
DA:63,1
DA:72,2
DA:82,2
DA:83,1
DA:87,1
DA:96,1
DA:102,1
DA:103,1
DA:104,1
DA:106,1
DA:118,1
DA:120,1
DA:132,1
DA:135,1
DA:136,0
DA:142,0
DA:146,1
DA:147,0
DA:148,0
DA:151,1
DA:152,0
DA:153,0
DA:156,1
DA:158,1
DA:159,1
DA:169,0
DA:179,0
DA:181,0
DA:182,0
DA:188,0
DA:191,0
DA:192,0
DA:193,0
DA:196,0
DA:198,0
DA:210,2
DA:215,2
DA:216,0
DA:219,2
DA:220,1
DA:223,1
DA:224,1
DA:225,1
DA:227,1
DA:228,1
DA:229,1
DA:230,1
DA:234,1
DA:235,0
DA:238,1
DA:245,1
DA:255,2
DA:260,2
DA:261,0
DA:264,2
DA:265,1
DA:268,1
DA:273,1
DA:282,0
DA:291,0
DA:295,2
LF:72
LH:51
BRDA:32,0,0,1
BRDA:32,0,1,1
BRDA:48,1,0,1
BRDA:48,1,1,0
BRDA:48,2,0,1
BRDA:48,2,1,1
BRDA:82,3,0,1
BRDA:82,3,1,1
BRDA:103,4,0,1
BRDA:103,4,1,0
BRDA:104,5,0,1
BRDA:104,5,1,0
BRDA:117,6,0,0
BRDA:117,7,0,1
BRDA:135,8,0,0
BRDA:135,8,1,1
BRDA:135,9,0,1
BRDA:135,9,1,0
BRDA:146,10,0,0
BRDA:146,10,1,1
BRDA:151,11,0,0
BRDA:151,11,1,1
BRDA:168,12,0,0
BRDA:181,13,0,0
BRDA:181,13,1,0
BRDA:181,14,0,0
BRDA:181,14,1,0
BRDA:191,15,0,0
BRDA:191,15,1,0
BRDA:215,16,0,0
BRDA:215,16,1,2
BRDA:219,17,0,1
BRDA:219,17,1,1
BRDA:228,18,0,1
BRDA:228,18,1,0
BRDA:234,19,0,0
BRDA:234,19,1,1
BRDA:260,20,0,0
BRDA:260,20,1,2
BRDA:264,21,0,1
BRDA:264,21,1,1
BRF:41
BRH:22
end_of_record
TN:
SF:src\services\notificationService.js
FN:11,(anonymous_0)
FN:21,(anonymous_1)
FN:33,(anonymous_2)
FN:34,(anonymous_3)
FN:53,(anonymous_4)
FN:85,(anonymous_5)
FN:104,(anonymous_6)
FN:117,(anonymous_7)
FN:132,(anonymous_8)
FN:159,(anonymous_9)
FN:190,(anonymous_10)
FN:199,(anonymous_11)
FN:218,(anonymous_12)
FN:262,(anonymous_13)
FN:275,(anonymous_14)
FNF:15
FNH:9
FNDA:2,(anonymous_0)
FNDA:0,(anonymous_1)
FNDA:0,(anonymous_2)
FNDA:0,(anonymous_3)
FNDA:3,(anonymous_4)
FNDA:2,(anonymous_5)
FNDA:1,(anonymous_6)
FNDA:1,(anonymous_7)
FNDA:1,(anonymous_8)
FNDA:1,(anonymous_9)
FNDA:0,(anonymous_10)
FNDA:0,(anonymous_11)
FNDA:2,(anonymous_12)
FNDA:1,(anonymous_13)
FNDA:0,(anonymous_14)
DA:1,2
DA:2,2
DA:3,2
DA:12,2
DA:13,2
DA:14,2
DA:22,0
DA:23,0
DA:31,0
DA:33,0
DA:34,0
DA:36,0
DA:37,0
DA:39,0
DA:40,0
DA:42,0
DA:43,0
DA:54,3
DA:56,3
DA:64,3
DA:65,0
DA:66,0
DA:71,0
DA:75,3
DA:86,2
DA:87,2
DA:89,2
DA:90,1
DA:93,2
DA:94,2
DA:96,2
DA:105,1
DA:109,1
DA:118,1
DA:122,1
DA:133,1
DA:134,1
DA:135,1
DA:138,0
DA:139,0
DA:148,0
DA:160,1
DA:161,1
DA:162,1
DA:165,0
DA:167,0
DA:168,0
DA:180,0
DA:191,0
DA:192,0
DA:193,0
DA:196,0
DA:197,0
DA:200,0
DA:201,0
DA:202,0
DA:204,0
DA:209,0
DA:220,2
DA:226,2
DA:238,2
DA:240,2
DA:241,2
DA:242,2
DA:248,2
DA:250,0
DA:254,2
DA:263,1
DA:268,1
DA:276,0
DA:283,0
DA:287,2
LF:72
LH:38
BRDA:25,0,0,0
BRDA:25,0,1,0
BRDA:26,1,0,0
BRDA:26,1,1,0
BRDA:28,2,0,0
BRDA:28,2,1,0
BRDA:64,3,0,0
BRDA:64,3,1,3
BRDA:64,4,0,3
BRDA:64,4,1,0
BRDA:85,5,0,1
BRDA:85,6,0,2
BRDA:89,7,0,1
BRDA:89,7,1,1
BRDA:133,8,0,1
BRDA:133,8,1,0
BRDA:133,9,0,1
BRDA:133,9,1,0
BRDA:160,10,0,1
BRDA:160,10,1,0
BRDA:160,11,0,1
BRDA:160,11,1,0
BRDA:191,12,0,0
BRDA:191,12,1,0
BRDA:191,13,0,0
BRDA:191,13,1,0
BRF:26
BRH:10
end_of_record
TN:
SF:src\services\reviewService.js
FN:18,(anonymous_0)
FN:79,(anonymous_1)
FN:99,(anonymous_2)
FN:133,(anonymous_3)
FN:150,(anonymous_4)
FN:177,(anonymous_5)
FNF:6
FNH:5
FNDA:4,(anonymous_0)
FNDA:1,(anonymous_1)
FNDA:1,(anonymous_2)
FNDA:0,(anonymous_3)
FNDA:2,(anonymous_4)
FNDA:1,(anonymous_5)
DA:1,2
DA:2,2
DA:20,4
DA:21,1
DA:25,3
DA:30,3
DA:31,0
DA:35,3
DA:40,3
DA:41,1
DA:45,2
DA:50,2
DA:51,1
DA:58,1
DA:62,1
DA:69,1
DA:80,1
DA:91,1
DA:100,1
DA:114,1
DA:134,0
DA:141,0
DA:151,2
DA:156,2
DA:157,0
DA:160,2
DA:161,1
DA:164,1
DA:169,1
DA:178,1
DA:192,1
DA:196,2
LF:32
LH:28
BRDA:20,0,0,1
BRDA:20,0,1,3
BRDA:20,1,0,4
BRDA:20,1,1,4
BRDA:20,1,2,3
BRDA:30,2,0,0
BRDA:30,2,1,3
BRDA:40,3,0,1
BRDA:40,3,1,2
BRDA:50,4,0,1
BRDA:50,4,1,1
BRDA:79,5,0,1
BRDA:79,6,0,1
BRDA:116,7,0,1
BRDA:116,7,1,0
BRDA:141,8,0,0
BRDA:141,8,1,0
BRDA:156,9,0,0
BRDA:156,9,1,2
BRDA:160,10,0,1
BRDA:160,10,1,1
BRDA:177,11,0,0
BRF:22
BRH:16
end_of_record
TN:
SF:src\services\userService.js
FN:15,(anonymous_0)
FN:44,(anonymous_1)
FN:76,(anonymous_2)
FN:107,(anonymous_3)
FN:125,(anonymous_4)
FN:147,(anonymous_5)
FN:178,(anonymous_6)
FN:192,(anonymous_7)
FN:212,(anonymous_8)
FN:255,(anonymous_9)
FNF:10
FNH:7
FNDA:2,(anonymous_0)
FNDA:0,(anonymous_1)
FNDA:2,(anonymous_2)
FNDA:2,(anonymous_3)
FNDA:0,(anonymous_4)
FNDA:1,(anonymous_5)
FNDA:2,(anonymous_6)
FNDA:0,(anonymous_7)
FNDA:3,(anonymous_8)
FNDA:2,(anonymous_9)
DA:1,2
DA:2,2
DA:16,2
DA:22,2
DA:23,1
DA:27,1
DA:34,1
DA:35,1
DA:45,0
DA:46,0
DA:47,0
DA:49,0
DA:50,0
DA:51,0
DA:52,0
DA:56,0
DA:57,0
DA:60,0
DA:67,0
DA:78,2
DA:83,2
DA:84,1
DA:87,1
DA:88,1
DA:92,1
DA:94,0
DA:95,0
DA:97,0
DA:108,2
DA:113,2
DA:114,1
DA:117,1
DA:126,0
DA:138,0
DA:149,1
DA:155,1
DA:156,2
DA:163,1
DA:169,1
DA:179,2
DA:184,2
DA:193,0
DA:203,0
DA:214,3
DA:220,3
DA:221,1
DA:224,2
DA:225,1
DA:228,1
DA:229,1
DA:235,1
DA:240,1
DA:242,0
DA:243,0
DA:245,0
DA:256,2
DA:261,2
DA:262,1
DA:266,1
DA:271,1
DA:275,2
LF:61
LH:40
BRDA:22,0,0,1
BRDA:22,0,1,1
BRDA:50,1,0,0
BRDA:50,1,1,0
BRDA:56,2,0,0
BRDA:56,2,1,0
BRDA:83,3,0,1
BRDA:83,3,1,1
BRDA:94,4,0,0
BRDA:94,4,1,0
BRDA:113,5,0,1
BRDA:113,5,1,1
BRDA:220,6,0,1
BRDA:220,6,1,2
BRDA:224,7,0,1
BRDA:224,7,1,1
BRDA:224,8,0,2
BRDA:224,8,1,2
BRDA:242,9,0,0
BRDA:242,9,1,0
BRDA:261,10,0,1
BRDA:261,10,1,1
BRF:22
BRH:14
end_of_record
TN:
SF:src\utils\constants.js
FNF:0
FNH:0
DA:6,1
DA:8,1
DA:14,1
DA:21,1
DA:28,1
DA:36,1
DA:47,1
DA:52,1
DA:54,1
DA:55,1
DA:57,1
DA:63,1
LF:12
LH:12
BRF:0
BRH:0
end_of_record
TN:
SF:src\utils\errors.js
FN:7,(anonymous_0)
FN:15,(anonymous_1)
FN:22,(anonymous_2)
FN:28,(anonymous_3)
FN:34,(anonymous_4)
FN:40,(anonymous_5)
FN:46,(anonymous_6)
FNF:7
FNH:6
FNDA:6,(anonymous_0)
FNDA:1,(anonymous_1)
FNDA:1,(anonymous_2)
FNDA:1,(anonymous_3)
FNDA:1,(anonymous_4)
FNDA:1,(anonymous_5)
FNDA:0,(anonymous_6)
DA:8,6
DA:9,6
DA:10,6
DA:16,1
DA:17,1
DA:23,1
DA:29,1
DA:35,1
DA:41,1
DA:47,0
DA:51,1
LF:11
LH:10
BRDA:7,0,0,0
BRDA:15,1,0,0
BRDA:15,2,0,1
BRDA:22,3,0,1
BRDA:28,4,0,1
BRDA:34,5,0,1
BRDA:40,6,0,1
BRDA:46,7,0,0
BRF:8
BRH:5
end_of_record
TN:
SF:src\utils\geoUtils.js
FN:10,calculateDistance
FN:29,isValidLatitude
FN:36,isValidLongitude
FN:43,isValidCoordinates
FN:51,getSearchBounds
FNF:5
FNH:5
FNDA:2,calculateDistance
FNDA:9,isValidLatitude
FNDA:7,isValidLongitude
FNDA:3,isValidCoordinates
FNDA:1,getSearchBounds
DA:11,2
DA:12,2
DA:13,2
DA:16,2
DA:22,2
DA:23,2
DA:30,9
DA:37,7
DA:44,3
DA:52,1
DA:53,1
DA:55,1
DA:63,1
LF:13
LH:13
BRDA:30,0,0,9
BRDA:30,0,1,8
BRDA:30,0,2,8
BRDA:30,0,3,7
BRDA:37,1,0,7
BRDA:37,1,1,6
BRDA:37,1,2,6
BRDA:37,1,3,6
BRDA:44,2,0,3
BRDA:44,2,1,2
BRF:10
BRH:10
end_of_record
TN:
SF:src\utils\responseFormatter.js
FN:10,(anonymous_0)
FN:23,(anonymous_1)
FN:36,(anonymous_2)
FNF:3
FNH:3
FNDA:1,(anonymous_0)
FNDA:1,(anonymous_1)
FNDA:1,(anonymous_2)
DA:11,1
DA:24,1
DA:37,1
DA:51,1
LF:4
LH:4
BRDA:10,0,0,0
BRDA:10,1,0,0
BRDA:23,2,0,0
BRDA:23,3,0,0
BRDA:23,4,0,1
BRF:5
BRH:1
end_of_record
TN:
SF:src\utils\validationRules.js
FNF:0
FNH:0
DA:6,0
DA:8,0
DA:57,0
LF:3
LH:0
BRF:0
BRH:0
end_of_record
